Vivado Simulator 2019.1
Copyright 1986-1999, 2001-2019 Xilinx, Inc. All Rights Reserved.
Running: G:/Xilinx/Vivado/2019.1/bin/unwrapped/win64.o/xelab.exe -wto 6cb8da3f4e7146d9822df3b3ef80fa71 --incr --debug typical --relax --mt 2 -L xil_defaultlib -L unisims_ver -L unimacro_ver -L secureip --snapshot cpu_tb_behav xil_defaultlib.cpu_tb xil_defaultlib.glbl -log elaborate.log 
Using 2 slave threads.
Starting static elaboration
WARNING: [VRFC 10-3091] actual bit length 4 differs from formal bit length 5 for port 'AluContrlD' [D:/study/architecture/ustc_ca2021_lab/lab4/Src/BTB/RV32Core.v:297]
WARNING: [VRFC 10-3091] actual bit length 4 differs from formal bit length 5 for port 'AluContrlE' [D:/study/architecture/ustc_ca2021_lab/lab4/Src/BTB/RV32Core.v:298]
WARNING: [VRFC 10-3705] select index 4096 into 'ram_cell' is out of bounds [D:/study/architecture/ustc_ca2021_lab/lab4/Src/BTB/mem.sv:4122]
WARNING: [VRFC 10-3705] select index 4097 into 'ram_cell' is out of bounds [D:/study/architecture/ustc_ca2021_lab/lab4/Src/BTB/mem.sv:4123]
WARNING: [VRFC 10-3705] select index 4098 into 'ram_cell' is out of bounds [D:/study/architecture/ustc_ca2021_lab/lab4/Src/BTB/mem.sv:4124]
WARNING: [VRFC 10-3705] select index 4099 into 'ram_cell' is out of bounds [D:/study/architecture/ustc_ca2021_lab/lab4/Src/BTB/mem.sv:4125]
WARNING: [VRFC 10-3705] select index 4100 into 'ram_cell' is out of bounds [D:/study/architecture/ustc_ca2021_lab/lab4/Src/BTB/mem.sv:4126]
WARNING: [VRFC 10-3705] select index 4101 into 'ram_cell' is out of bounds [D:/study/architecture/ustc_ca2021_lab/lab4/Src/BTB/mem.sv:4127]
WARNING: [VRFC 10-3705] select index 4102 into 'ram_cell' is out of bounds [D:/study/architecture/ustc_ca2021_lab/lab4/Src/BTB/mem.sv:4128]
WARNING: [VRFC 10-3705] select index 4103 into 'ram_cell' is out of bounds [D:/study/architecture/ustc_ca2021_lab/lab4/Src/BTB/mem.sv:4129]
WARNING: [VRFC 10-3705] select index 4104 into 'ram_cell' is out of bounds [D:/study/architecture/ustc_ca2021_lab/lab4/Src/BTB/mem.sv:4130]
WARNING: [VRFC 10-3705] select index 4105 into 'ram_cell' is out of bounds [D:/study/architecture/ustc_ca2021_lab/lab4/Src/BTB/mem.sv:4131]
WARNING: [VRFC 10-3705] select index 4106 into 'ram_cell' is out of bounds [D:/study/architecture/ustc_ca2021_lab/lab4/Src/BTB/mem.sv:4132]
WARNING: [VRFC 10-3705] select index 4107 into 'ram_cell' is out of bounds [D:/study/architecture/ustc_ca2021_lab/lab4/Src/BTB/mem.sv:4133]
WARNING: [VRFC 10-3705] select index 4108 into 'ram_cell' is out of bounds [D:/study/architecture/ustc_ca2021_lab/lab4/Src/BTB/mem.sv:4134]
WARNING: [VRFC 10-3705] select index 4109 into 'ram_cell' is out of bounds [D:/study/architecture/ustc_ca2021_lab/lab4/Src/BTB/mem.sv:4135]
WARNING: [VRFC 10-3705] select index 4110 into 'ram_cell' is out of bounds [D:/study/architecture/ustc_ca2021_lab/lab4/Src/BTB/mem.sv:4136]
WARNING: [VRFC 10-3705] select index 4111 into 'ram_cell' is out of bounds [D:/study/architecture/ustc_ca2021_lab/lab4/Src/BTB/mem.sv:4137]
WARNING: [VRFC 10-3705] select index 4112 into 'ram_cell' is out of bounds [D:/study/architecture/ustc_ca2021_lab/lab4/Src/BTB/mem.sv:4138]
WARNING: [VRFC 10-3705] select index 4113 into 'ram_cell' is out of bounds [D:/study/architecture/ustc_ca2021_lab/lab4/Src/BTB/mem.sv:4139]
WARNING: [VRFC 10-3705] select index 4114 into 'ram_cell' is out of bounds [D:/study/architecture/ustc_ca2021_lab/lab4/Src/BTB/mem.sv:4140]
WARNING: [VRFC 10-3705] select index 4115 into 'ram_cell' is out of bounds [D:/study/architecture/ustc_ca2021_lab/lab4/Src/BTB/mem.sv:4141]
WARNING: [VRFC 10-3705] select index 4116 into 'ram_cell' is out of bounds [D:/study/architecture/ustc_ca2021_lab/lab4/Src/BTB/mem.sv:4142]
WARNING: [VRFC 10-3705] select index 4117 into 'ram_cell' is out of bounds [D:/study/architecture/ustc_ca2021_lab/lab4/Src/BTB/mem.sv:4143]
WARNING: [VRFC 10-3705] select index 4118 into 'ram_cell' is out of bounds [D:/study/architecture/ustc_ca2021_lab/lab4/Src/BTB/mem.sv:4144]
WARNING: [VRFC 10-3705] select index 4119 into 'ram_cell' is out of bounds [D:/study/architecture/ustc_ca2021_lab/lab4/Src/BTB/mem.sv:4145]
WARNING: [VRFC 10-3705] select index 4120 into 'ram_cell' is out of bounds [D:/study/architecture/ustc_ca2021_lab/lab4/Src/BTB/mem.sv:4146]
WARNING: [VRFC 10-3705] select index 4121 into 'ram_cell' is out of bounds [D:/study/architecture/ustc_ca2021_lab/lab4/Src/BTB/mem.sv:4147]
WARNING: [VRFC 10-3705] select index 4122 into 'ram_cell' is out of bounds [D:/study/architecture/ustc_ca2021_lab/lab4/Src/BTB/mem.sv:4148]
WARNING: [VRFC 10-3705] select index 4123 into 'ram_cell' is out of bounds [D:/study/architecture/ustc_ca2021_lab/lab4/Src/BTB/mem.sv:4149]
WARNING: [VRFC 10-3705] select index 4124 into 'ram_cell' is out of bounds [D:/study/architecture/ustc_ca2021_lab/lab4/Src/BTB/mem.sv:4150]
WARNING: [VRFC 10-3705] select index 4125 into 'ram_cell' is out of bounds [D:/study/architecture/ustc_ca2021_lab/lab4/Src/BTB/mem.sv:4151]
WARNING: [VRFC 10-3705] select index 4126 into 'ram_cell' is out of bounds [D:/study/architecture/ustc_ca2021_lab/lab4/Src/BTB/mem.sv:4152]
WARNING: [VRFC 10-3705] select index 4127 into 'ram_cell' is out of bounds [D:/study/architecture/ustc_ca2021_lab/lab4/Src/BTB/mem.sv:4153]
WARNING: [VRFC 10-3705] select index 4128 into 'ram_cell' is out of bounds [D:/study/architecture/ustc_ca2021_lab/lab4/Src/BTB/mem.sv:4154]
WARNING: [VRFC 10-3705] select index 4129 into 'ram_cell' is out of bounds [D:/study/architecture/ustc_ca2021_lab/lab4/Src/BTB/mem.sv:4155]
WARNING: [VRFC 10-3705] select index 4130 into 'ram_cell' is out of bounds [D:/study/architecture/ustc_ca2021_lab/lab4/Src/BTB/mem.sv:4156]
WARNING: [VRFC 10-3705] select index 4131 into 'ram_cell' is out of bounds [D:/study/architecture/ustc_ca2021_lab/lab4/Src/BTB/mem.sv:4157]
WARNING: [VRFC 10-3705] select index 4132 into 'ram_cell' is out of bounds [D:/study/architecture/ustc_ca2021_lab/lab4/Src/BTB/mem.sv:4158]
WARNING: [VRFC 10-3705] select index 4133 into 'ram_cell' is out of bounds [D:/study/architecture/ustc_ca2021_lab/lab4/Src/BTB/mem.sv:4159]
WARNING: [VRFC 10-3705] select index 4134 into 'ram_cell' is out of bounds [D:/study/architecture/ustc_ca2021_lab/lab4/Src/BTB/mem.sv:4160]
WARNING: [VRFC 10-3705] select index 4135 into 'ram_cell' is out of bounds [D:/study/architecture/ustc_ca2021_lab/lab4/Src/BTB/mem.sv:4161]
WARNING: [VRFC 10-3705] select index 4136 into 'ram_cell' is out of bounds [D:/study/architecture/ustc_ca2021_lab/lab4/Src/BTB/mem.sv:4162]
WARNING: [VRFC 10-3705] select index 4137 into 'ram_cell' is out of bounds [D:/study/architecture/ustc_ca2021_lab/lab4/Src/BTB/mem.sv:4163]
WARNING: [VRFC 10-3705] select index 4138 into 'ram_cell' is out of bounds [D:/study/architecture/ustc_ca2021_lab/lab4/Src/BTB/mem.sv:4164]
WARNING: [VRFC 10-3705] select index 4139 into 'ram_cell' is out of bounds [D:/study/architecture/ustc_ca2021_lab/lab4/Src/BTB/mem.sv:4165]
WARNING: [VRFC 10-3705] select index 4140 into 'ram_cell' is out of bounds [D:/study/architecture/ustc_ca2021_lab/lab4/Src/BTB/mem.sv:4166]
WARNING: [VRFC 10-3705] select index 4141 into 'ram_cell' is out of bounds [D:/study/architecture/ustc_ca2021_lab/lab4/Src/BTB/mem.sv:4167]
WARNING: [VRFC 10-3705] select index 4142 into 'ram_cell' is out of bounds [D:/study/architecture/ustc_ca2021_lab/lab4/Src/BTB/mem.sv:4168]
WARNING: [VRFC 10-3705] select index 4143 into 'ram_cell' is out of bounds [D:/study/architecture/ustc_ca2021_lab/lab4/Src/BTB/mem.sv:4169]
WARNING: [VRFC 10-3705] select index 4144 into 'ram_cell' is out of bounds [D:/study/architecture/ustc_ca2021_lab/lab4/Src/BTB/mem.sv:4170]
WARNING: [VRFC 10-3705] select index 4145 into 'ram_cell' is out of bounds [D:/study/architecture/ustc_ca2021_lab/lab4/Src/BTB/mem.sv:4171]
WARNING: [VRFC 10-3705] select index 4146 into 'ram_cell' is out of bounds [D:/study/architecture/ustc_ca2021_lab/lab4/Src/BTB/mem.sv:4172]
WARNING: [VRFC 10-3705] select index 4147 into 'ram_cell' is out of bounds [D:/study/architecture/ustc_ca2021_lab/lab4/Src/BTB/mem.sv:4173]
WARNING: [VRFC 10-3705] select index 4148 into 'ram_cell' is out of bounds [D:/study/architecture/ustc_ca2021_lab/lab4/Src/BTB/mem.sv:4174]
WARNING: [VRFC 10-3705] select index 4149 into 'ram_cell' is out of bounds [D:/study/architecture/ustc_ca2021_lab/lab4/Src/BTB/mem.sv:4175]
WARNING: [VRFC 10-3705] select index 4150 into 'ram_cell' is out of bounds [D:/study/architecture/ustc_ca2021_lab/lab4/Src/BTB/mem.sv:4176]
WARNING: [VRFC 10-3705] select index 4151 into 'ram_cell' is out of bounds [D:/study/architecture/ustc_ca2021_lab/lab4/Src/BTB/mem.sv:4177]
WARNING: [VRFC 10-3705] select index 4152 into 'ram_cell' is out of bounds [D:/study/architecture/ustc_ca2021_lab/lab4/Src/BTB/mem.sv:4178]
WARNING: [VRFC 10-3705] select index 4153 into 'ram_cell' is out of bounds [D:/study/architecture/ustc_ca2021_lab/lab4/Src/BTB/mem.sv:4179]
WARNING: [VRFC 10-3705] select index 4154 into 'ram_cell' is out of bounds [D:/study/architecture/ustc_ca2021_lab/lab4/Src/BTB/mem.sv:4180]
WARNING: [VRFC 10-3705] select index 4155 into 'ram_cell' is out of bounds [D:/study/architecture/ustc_ca2021_lab/lab4/Src/BTB/mem.sv:4181]
WARNING: [VRFC 10-3705] select index 4156 into 'ram_cell' is out of bounds [D:/study/architecture/ustc_ca2021_lab/lab4/Src/BTB/mem.sv:4182]
WARNING: [VRFC 10-3705] select index 4157 into 'ram_cell' is out of bounds [D:/study/architecture/ustc_ca2021_lab/lab4/Src/BTB/mem.sv:4183]
WARNING: [VRFC 10-3705] select index 4158 into 'ram_cell' is out of bounds [D:/study/architecture/ustc_ca2021_lab/lab4/Src/BTB/mem.sv:4184]
WARNING: [VRFC 10-3705] select index 4159 into 'ram_cell' is out of bounds [D:/study/architecture/ustc_ca2021_lab/lab4/Src/BTB/mem.sv:4185]
WARNING: [VRFC 10-3705] select index 4160 into 'ram_cell' is out of bounds [D:/study/architecture/ustc_ca2021_lab/lab4/Src/BTB/mem.sv:4186]
WARNING: [VRFC 10-3705] select index 4161 into 'ram_cell' is out of bounds [D:/study/architecture/ustc_ca2021_lab/lab4/Src/BTB/mem.sv:4187]
WARNING: [VRFC 10-3705] select index 4162 into 'ram_cell' is out of bounds [D:/study/architecture/ustc_ca2021_lab/lab4/Src/BTB/mem.sv:4188]
WARNING: [VRFC 10-3705] select index 4163 into 'ram_cell' is out of bounds [D:/study/architecture/ustc_ca2021_lab/lab4/Src/BTB/mem.sv:4189]
WARNING: [VRFC 10-3705] select index 4164 into 'ram_cell' is out of bounds [D:/study/architecture/ustc_ca2021_lab/lab4/Src/BTB/mem.sv:4190]
WARNING: [VRFC 10-3705] select index 4165 into 'ram_cell' is out of bounds [D:/study/architecture/ustc_ca2021_lab/lab4/Src/BTB/mem.sv:4191]
WARNING: [VRFC 10-3705] select index 4166 into 'ram_cell' is out of bounds [D:/study/architecture/ustc_ca2021_lab/lab4/Src/BTB/mem.sv:4192]
WARNING: [VRFC 10-3705] select index 4167 into 'ram_cell' is out of bounds [D:/study/architecture/ustc_ca2021_lab/lab4/Src/BTB/mem.sv:4193]
WARNING: [VRFC 10-3705] select index 4168 into 'ram_cell' is out of bounds [D:/study/architecture/ustc_ca2021_lab/lab4/Src/BTB/mem.sv:4194]
WARNING: [VRFC 10-3705] select index 4169 into 'ram_cell' is out of bounds [D:/study/architecture/ustc_ca2021_lab/lab4/Src/BTB/mem.sv:4195]
WARNING: [VRFC 10-3705] select index 4170 into 'ram_cell' is out of bounds [D:/study/architecture/ustc_ca2021_lab/lab4/Src/BTB/mem.sv:4196]
WARNING: [VRFC 10-3705] select index 4171 into 'ram_cell' is out of bounds [D:/study/architecture/ustc_ca2021_lab/lab4/Src/BTB/mem.sv:4197]
WARNING: [VRFC 10-3705] select index 4172 into 'ram_cell' is out of bounds [D:/study/architecture/ustc_ca2021_lab/lab4/Src/BTB/mem.sv:4198]
WARNING: [VRFC 10-3705] select index 4173 into 'ram_cell' is out of bounds [D:/study/architecture/ustc_ca2021_lab/lab4/Src/BTB/mem.sv:4199]
WARNING: [VRFC 10-3705] select index 4174 into 'ram_cell' is out of bounds [D:/study/architecture/ustc_ca2021_lab/lab4/Src/BTB/mem.sv:4200]
WARNING: [VRFC 10-3705] select index 4175 into 'ram_cell' is out of bounds [D:/study/architecture/ustc_ca2021_lab/lab4/Src/BTB/mem.sv:4201]
WARNING: [VRFC 10-3705] select index 4176 into 'ram_cell' is out of bounds [D:/study/architecture/ustc_ca2021_lab/lab4/Src/BTB/mem.sv:4202]
WARNING: [VRFC 10-3705] select index 4177 into 'ram_cell' is out of bounds [D:/study/architecture/ustc_ca2021_lab/lab4/Src/BTB/mem.sv:4203]
WARNING: [VRFC 10-3705] select index 4178 into 'ram_cell' is out of bounds [D:/study/architecture/ustc_ca2021_lab/lab4/Src/BTB/mem.sv:4204]
WARNING: [VRFC 10-3705] select index 4179 into 'ram_cell' is out of bounds [D:/study/architecture/ustc_ca2021_lab/lab4/Src/BTB/mem.sv:4205]
WARNING: [VRFC 10-3705] select index 4180 into 'ram_cell' is out of bounds [D:/study/architecture/ustc_ca2021_lab/lab4/Src/BTB/mem.sv:4206]
WARNING: [VRFC 10-3705] select index 4181 into 'ram_cell' is out of bounds [D:/study/architecture/ustc_ca2021_lab/lab4/Src/BTB/mem.sv:4207]
WARNING: [VRFC 10-3705] select index 4182 into 'ram_cell' is out of bounds [D:/study/architecture/ustc_ca2021_lab/lab4/Src/BTB/mem.sv:4208]
WARNING: [VRFC 10-3705] select index 4183 into 'ram_cell' is out of bounds [D:/study/architecture/ustc_ca2021_lab/lab4/Src/BTB/mem.sv:4209]
WARNING: [VRFC 10-3705] select index 4184 into 'ram_cell' is out of bounds [D:/study/architecture/ustc_ca2021_lab/lab4/Src/BTB/mem.sv:4210]
WARNING: [VRFC 10-3705] select index 4185 into 'ram_cell' is out of bounds [D:/study/architecture/ustc_ca2021_lab/lab4/Src/BTB/mem.sv:4211]
WARNING: [VRFC 10-3705] select index 4186 into 'ram_cell' is out of bounds [D:/study/architecture/ustc_ca2021_lab/lab4/Src/BTB/mem.sv:4212]
WARNING: [VRFC 10-3705] select index 4187 into 'ram_cell' is out of bounds [D:/study/architecture/ustc_ca2021_lab/lab4/Src/BTB/mem.sv:4213]
WARNING: [VRFC 10-3705] select index 4188 into 'ram_cell' is out of bounds [D:/study/architecture/ustc_ca2021_lab/lab4/Src/BTB/mem.sv:4214]
WARNING: [VRFC 10-3705] select index 4189 into 'ram_cell' is out of bounds [D:/study/architecture/ustc_ca2021_lab/lab4/Src/BTB/mem.sv:4215]
WARNING: [VRFC 10-3705] select index 4190 into 'ram_cell' is out of bounds [D:/study/architecture/ustc_ca2021_lab/lab4/Src/BTB/mem.sv:4216]
WARNING: [VRFC 10-3705] select index 4191 into 'ram_cell' is out of bounds [D:/study/architecture/ustc_ca2021_lab/lab4/Src/BTB/mem.sv:4217]
WARNING: [VRFC 10-3705] select index 4192 into 'ram_cell' is out of bounds [D:/study/architecture/ustc_ca2021_lab/lab4/Src/BTB/mem.sv:4218]
WARNING: [VRFC 10-3705] select index 4193 into 'ram_cell' is out of bounds [D:/study/architecture/ustc_ca2021_lab/lab4/Src/BTB/mem.sv:4219]
WARNING: [VRFC 10-3705] select index 4194 into 'ram_cell' is out of bounds [D:/study/architecture/ustc_ca2021_lab/lab4/Src/BTB/mem.sv:4220]
WARNING: [VRFC 10-3705] select index 4195 into 'ram_cell' is out of bounds [D:/study/architecture/ustc_ca2021_lab/lab4/Src/BTB/mem.sv:4221]
WARNING: [VRFC 10-3705] select index 4196 into 'ram_cell' is out of bounds [D:/study/architecture/ustc_ca2021_lab/lab4/Src/BTB/mem.sv:4222]
WARNING: [VRFC 10-3705] select index 4197 into 'ram_cell' is out of bounds [D:/study/architecture/ustc_ca2021_lab/lab4/Src/BTB/mem.sv:4223]
WARNING: [VRFC 10-3705] select index 4198 into 'ram_cell' is out of bounds [D:/study/architecture/ustc_ca2021_lab/lab4/Src/BTB/mem.sv:4224]
WARNING: [VRFC 10-3705] select index 4199 into 'ram_cell' is out of bounds [D:/study/architecture/ustc_ca2021_lab/lab4/Src/BTB/mem.sv:4225]
WARNING: [VRFC 10-3705] select index 4200 into 'ram_cell' is out of bounds [D:/study/architecture/ustc_ca2021_lab/lab4/Src/BTB/mem.sv:4226]
WARNING: [VRFC 10-3705] select index 4201 into 'ram_cell' is out of bounds [D:/study/architecture/ustc_ca2021_lab/lab4/Src/BTB/mem.sv:4227]
WARNING: [VRFC 10-3705] select index 4202 into 'ram_cell' is out of bounds [D:/study/architecture/ustc_ca2021_lab/lab4/Src/BTB/mem.sv:4228]
WARNING: [VRFC 10-3705] select index 4203 into 'ram_cell' is out of bounds [D:/study/architecture/ustc_ca2021_lab/lab4/Src/BTB/mem.sv:4229]
WARNING: [VRFC 10-3705] select index 4204 into 'ram_cell' is out of bounds [D:/study/architecture/ustc_ca2021_lab/lab4/Src/BTB/mem.sv:4230]
WARNING: [VRFC 10-3705] select index 4205 into 'ram_cell' is out of bounds [D:/study/architecture/ustc_ca2021_lab/lab4/Src/BTB/mem.sv:4231]
WARNING: [VRFC 10-3705] select index 4206 into 'ram_cell' is out of bounds [D:/study/architecture/ustc_ca2021_lab/lab4/Src/BTB/mem.sv:4232]
WARNING: [VRFC 10-3705] select index 4207 into 'ram_cell' is out of bounds [D:/study/architecture/ustc_ca2021_lab/lab4/Src/BTB/mem.sv:4233]
WARNING: [VRFC 10-3705] select index 4208 into 'ram_cell' is out of bounds [D:/study/architecture/ustc_ca2021_lab/lab4/Src/BTB/mem.sv:4234]
WARNING: [VRFC 10-3705] select index 4209 into 'ram_cell' is out of bounds [D:/study/architecture/ustc_ca2021_lab/lab4/Src/BTB/mem.sv:4235]
WARNING: [VRFC 10-3705] select index 4210 into 'ram_cell' is out of bounds [D:/study/architecture/ustc_ca2021_lab/lab4/Src/BTB/mem.sv:4236]
WARNING: [VRFC 10-3705] select index 4211 into 'ram_cell' is out of bounds [D:/study/architecture/ustc_ca2021_lab/lab4/Src/BTB/mem.sv:4237]
WARNING: [VRFC 10-3705] select index 4212 into 'ram_cell' is out of bounds [D:/study/architecture/ustc_ca2021_lab/lab4/Src/BTB/mem.sv:4238]
WARNING: [VRFC 10-3705] select index 4213 into 'ram_cell' is out of bounds [D:/study/architecture/ustc_ca2021_lab/lab4/Src/BTB/mem.sv:4239]
WARNING: [VRFC 10-3705] select index 4214 into 'ram_cell' is out of bounds [D:/study/architecture/ustc_ca2021_lab/lab4/Src/BTB/mem.sv:4240]
WARNING: [VRFC 10-3705] select index 4215 into 'ram_cell' is out of bounds [D:/study/architecture/ustc_ca2021_lab/lab4/Src/BTB/mem.sv:4241]
WARNING: [VRFC 10-3705] select index 4216 into 'ram_cell' is out of bounds [D:/study/architecture/ustc_ca2021_lab/lab4/Src/BTB/mem.sv:4242]
WARNING: [VRFC 10-3705] select index 4217 into 'ram_cell' is out of bounds [D:/study/architecture/ustc_ca2021_lab/lab4/Src/BTB/mem.sv:4243]
WARNING: [VRFC 10-3705] select index 4218 into 'ram_cell' is out of bounds [D:/study/architecture/ustc_ca2021_lab/lab4/Src/BTB/mem.sv:4244]
WARNING: [VRFC 10-3705] select index 4219 into 'ram_cell' is out of bounds [D:/study/architecture/ustc_ca2021_lab/lab4/Src/BTB/mem.sv:4245]
WARNING: [VRFC 10-3705] select index 4220 into 'ram_cell' is out of bounds [D:/study/architecture/ustc_ca2021_lab/lab4/Src/BTB/mem.sv:4246]
WARNING: [VRFC 10-3705] select index 4221 into 'ram_cell' is out of bounds [D:/study/architecture/ustc_ca2021_lab/lab4/Src/BTB/mem.sv:4247]
WARNING: [VRFC 10-3705] select index 4222 into 'ram_cell' is out of bounds [D:/study/architecture/ustc_ca2021_lab/lab4/Src/BTB/mem.sv:4248]
WARNING: [VRFC 10-3705] select index 4223 into 'ram_cell' is out of bounds [D:/study/architecture/ustc_ca2021_lab/lab4/Src/BTB/mem.sv:4249]
WARNING: [VRFC 10-3705] select index 4224 into 'ram_cell' is out of bounds [D:/study/architecture/ustc_ca2021_lab/lab4/Src/BTB/mem.sv:4250]
WARNING: [VRFC 10-3705] select index 4225 into 'ram_cell' is out of bounds [D:/study/architecture/ustc_ca2021_lab/lab4/Src/BTB/mem.sv:4251]
WARNING: [VRFC 10-3705] select index 4226 into 'ram_cell' is out of bounds [D:/study/architecture/ustc_ca2021_lab/lab4/Src/BTB/mem.sv:4252]
WARNING: [VRFC 10-3705] select index 4227 into 'ram_cell' is out of bounds [D:/study/architecture/ustc_ca2021_lab/lab4/Src/BTB/mem.sv:4253]
WARNING: [VRFC 10-3705] select index 4228 into 'ram_cell' is out of bounds [D:/study/architecture/ustc_ca2021_lab/lab4/Src/BTB/mem.sv:4254]
WARNING: [VRFC 10-3705] select index 4229 into 'ram_cell' is out of bounds [D:/study/architecture/ustc_ca2021_lab/lab4/Src/BTB/mem.sv:4255]
WARNING: [VRFC 10-3705] select index 4230 into 'ram_cell' is out of bounds [D:/study/architecture/ustc_ca2021_lab/lab4/Src/BTB/mem.sv:4256]
WARNING: [VRFC 10-3705] select index 4231 into 'ram_cell' is out of bounds [D:/study/architecture/ustc_ca2021_lab/lab4/Src/BTB/mem.sv:4257]
WARNING: [VRFC 10-3705] select index 4232 into 'ram_cell' is out of bounds [D:/study/architecture/ustc_ca2021_lab/lab4/Src/BTB/mem.sv:4258]
WARNING: [VRFC 10-3705] select index 4233 into 'ram_cell' is out of bounds [D:/study/architecture/ustc_ca2021_lab/lab4/Src/BTB/mem.sv:4259]
WARNING: [VRFC 10-3705] select index 4234 into 'ram_cell' is out of bounds [D:/study/architecture/ustc_ca2021_lab/lab4/Src/BTB/mem.sv:4260]
WARNING: [VRFC 10-3705] select index 4235 into 'ram_cell' is out of bounds [D:/study/architecture/ustc_ca2021_lab/lab4/Src/BTB/mem.sv:4261]
WARNING: [VRFC 10-3705] select index 4236 into 'ram_cell' is out of bounds [D:/study/architecture/ustc_ca2021_lab/lab4/Src/BTB/mem.sv:4262]
WARNING: [VRFC 10-3705] select index 4237 into 'ram_cell' is out of bounds [D:/study/architecture/ustc_ca2021_lab/lab4/Src/BTB/mem.sv:4263]
WARNING: [VRFC 10-3705] select index 4238 into 'ram_cell' is out of bounds [D:/study/architecture/ustc_ca2021_lab/lab4/Src/BTB/mem.sv:4264]
WARNING: [VRFC 10-3705] select index 4239 into 'ram_cell' is out of bounds [D:/study/architecture/ustc_ca2021_lab/lab4/Src/BTB/mem.sv:4265]
WARNING: [VRFC 10-3705] select index 4240 into 'ram_cell' is out of bounds [D:/study/architecture/ustc_ca2021_lab/lab4/Src/BTB/mem.sv:4266]
WARNING: [VRFC 10-3705] select index 4241 into 'ram_cell' is out of bounds [D:/study/architecture/ustc_ca2021_lab/lab4/Src/BTB/mem.sv:4267]
WARNING: [VRFC 10-3705] select index 4242 into 'ram_cell' is out of bounds [D:/study/architecture/ustc_ca2021_lab/lab4/Src/BTB/mem.sv:4268]
WARNING: [VRFC 10-3705] select index 4243 into 'ram_cell' is out of bounds [D:/study/architecture/ustc_ca2021_lab/lab4/Src/BTB/mem.sv:4269]
WARNING: [VRFC 10-3705] select index 4244 into 'ram_cell' is out of bounds [D:/study/architecture/ustc_ca2021_lab/lab4/Src/BTB/mem.sv:4270]
WARNING: [VRFC 10-3705] select index 4245 into 'ram_cell' is out of bounds [D:/study/architecture/ustc_ca2021_lab/lab4/Src/BTB/mem.sv:4271]
WARNING: [VRFC 10-3705] select index 4246 into 'ram_cell' is out of bounds [D:/study/architecture/ustc_ca2021_lab/lab4/Src/BTB/mem.sv:4272]
WARNING: [VRFC 10-3705] select index 4247 into 'ram_cell' is out of bounds [D:/study/architecture/ustc_ca2021_lab/lab4/Src/BTB/mem.sv:4273]
WARNING: [VRFC 10-3705] select index 4248 into 'ram_cell' is out of bounds [D:/study/architecture/ustc_ca2021_lab/lab4/Src/BTB/mem.sv:4274]
WARNING: [VRFC 10-3705] select index 4249 into 'ram_cell' is out of bounds [D:/study/architecture/ustc_ca2021_lab/lab4/Src/BTB/mem.sv:4275]
WARNING: [VRFC 10-3705] select index 4250 into 'ram_cell' is out of bounds [D:/study/architecture/ustc_ca2021_lab/lab4/Src/BTB/mem.sv:4276]
WARNING: [VRFC 10-3705] select index 4251 into 'ram_cell' is out of bounds [D:/study/architecture/ustc_ca2021_lab/lab4/Src/BTB/mem.sv:4277]
WARNING: [VRFC 10-3705] select index 4252 into 'ram_cell' is out of bounds [D:/study/architecture/ustc_ca2021_lab/lab4/Src/BTB/mem.sv:4278]
WARNING: [VRFC 10-3705] select index 4253 into 'ram_cell' is out of bounds [D:/study/architecture/ustc_ca2021_lab/lab4/Src/BTB/mem.sv:4279]
WARNING: [VRFC 10-3705] select index 4254 into 'ram_cell' is out of bounds [D:/study/architecture/ustc_ca2021_lab/lab4/Src/BTB/mem.sv:4280]
WARNING: [VRFC 10-3705] select index 4255 into 'ram_cell' is out of bounds [D:/study/architecture/ustc_ca2021_lab/lab4/Src/BTB/mem.sv:4281]
WARNING: [VRFC 10-3705] select index 4256 into 'ram_cell' is out of bounds [D:/study/architecture/ustc_ca2021_lab/lab4/Src/BTB/mem.sv:4282]
WARNING: [VRFC 10-3705] select index 4257 into 'ram_cell' is out of bounds [D:/study/architecture/ustc_ca2021_lab/lab4/Src/BTB/mem.sv:4283]
WARNING: [VRFC 10-3705] select index 4258 into 'ram_cell' is out of bounds [D:/study/architecture/ustc_ca2021_lab/lab4/Src/BTB/mem.sv:4284]
WARNING: [VRFC 10-3705] select index 4259 into 'ram_cell' is out of bounds [D:/study/architecture/ustc_ca2021_lab/lab4/Src/BTB/mem.sv:4285]
WARNING: [VRFC 10-3705] select index 4260 into 'ram_cell' is out of bounds [D:/study/architecture/ustc_ca2021_lab/lab4/Src/BTB/mem.sv:4286]
WARNING: [VRFC 10-3705] select index 4261 into 'ram_cell' is out of bounds [D:/study/architecture/ustc_ca2021_lab/lab4/Src/BTB/mem.sv:4287]
WARNING: [VRFC 10-3705] select index 4262 into 'ram_cell' is out of bounds [D:/study/architecture/ustc_ca2021_lab/lab4/Src/BTB/mem.sv:4288]
WARNING: [VRFC 10-3705] select index 4263 into 'ram_cell' is out of bounds [D:/study/architecture/ustc_ca2021_lab/lab4/Src/BTB/mem.sv:4289]
WARNING: [VRFC 10-3705] select index 4264 into 'ram_cell' is out of bounds [D:/study/architecture/ustc_ca2021_lab/lab4/Src/BTB/mem.sv:4290]
WARNING: [VRFC 10-3705] select index 4265 into 'ram_cell' is out of bounds [D:/study/architecture/ustc_ca2021_lab/lab4/Src/BTB/mem.sv:4291]
WARNING: [VRFC 10-3705] select index 4266 into 'ram_cell' is out of bounds [D:/study/architecture/ustc_ca2021_lab/lab4/Src/BTB/mem.sv:4292]
WARNING: [VRFC 10-3705] select index 4267 into 'ram_cell' is out of bounds [D:/study/architecture/ustc_ca2021_lab/lab4/Src/BTB/mem.sv:4293]
WARNING: [VRFC 10-3705] select index 4268 into 'ram_cell' is out of bounds [D:/study/architecture/ustc_ca2021_lab/lab4/Src/BTB/mem.sv:4294]
WARNING: [VRFC 10-3705] select index 4269 into 'ram_cell' is out of bounds [D:/study/architecture/ustc_ca2021_lab/lab4/Src/BTB/mem.sv:4295]
WARNING: [VRFC 10-3705] select index 4270 into 'ram_cell' is out of bounds [D:/study/architecture/ustc_ca2021_lab/lab4/Src/BTB/mem.sv:4296]
WARNING: [VRFC 10-3705] select index 4271 into 'ram_cell' is out of bounds [D:/study/architecture/ustc_ca2021_lab/lab4/Src/BTB/mem.sv:4297]
WARNING: [VRFC 10-3705] select index 4272 into 'ram_cell' is out of bounds [D:/study/architecture/ustc_ca2021_lab/lab4/Src/BTB/mem.sv:4298]
WARNING: [VRFC 10-3705] select index 4273 into 'ram_cell' is out of bounds [D:/study/architecture/ustc_ca2021_lab/lab4/Src/BTB/mem.sv:4299]
WARNING: [VRFC 10-3705] select index 4274 into 'ram_cell' is out of bounds [D:/study/architecture/ustc_ca2021_lab/lab4/Src/BTB/mem.sv:4300]
WARNING: [VRFC 10-3705] select index 4275 into 'ram_cell' is out of bounds [D:/study/architecture/ustc_ca2021_lab/lab4/Src/BTB/mem.sv:4301]
WARNING: [VRFC 10-3705] select index 4276 into 'ram_cell' is out of bounds [D:/study/architecture/ustc_ca2021_lab/lab4/Src/BTB/mem.sv:4302]
WARNING: [VRFC 10-3705] select index 4277 into 'ram_cell' is out of bounds [D:/study/architecture/ustc_ca2021_lab/lab4/Src/BTB/mem.sv:4303]
WARNING: [VRFC 10-3705] select index 4278 into 'ram_cell' is out of bounds [D:/study/architecture/ustc_ca2021_lab/lab4/Src/BTB/mem.sv:4304]
WARNING: [VRFC 10-3705] select index 4279 into 'ram_cell' is out of bounds [D:/study/architecture/ustc_ca2021_lab/lab4/Src/BTB/mem.sv:4305]
WARNING: [VRFC 10-3705] select index 4280 into 'ram_cell' is out of bounds [D:/study/architecture/ustc_ca2021_lab/lab4/Src/BTB/mem.sv:4306]
WARNING: [VRFC 10-3705] select index 4281 into 'ram_cell' is out of bounds [D:/study/architecture/ustc_ca2021_lab/lab4/Src/BTB/mem.sv:4307]
WARNING: [VRFC 10-3705] select index 4282 into 'ram_cell' is out of bounds [D:/study/architecture/ustc_ca2021_lab/lab4/Src/BTB/mem.sv:4308]
WARNING: [VRFC 10-3705] select index 4283 into 'ram_cell' is out of bounds [D:/study/architecture/ustc_ca2021_lab/lab4/Src/BTB/mem.sv:4309]
WARNING: [VRFC 10-3705] select index 4284 into 'ram_cell' is out of bounds [D:/study/architecture/ustc_ca2021_lab/lab4/Src/BTB/mem.sv:4310]
WARNING: [VRFC 10-3705] select index 4285 into 'ram_cell' is out of bounds [D:/study/architecture/ustc_ca2021_lab/lab4/Src/BTB/mem.sv:4311]
WARNING: [VRFC 10-3705] select index 4286 into 'ram_cell' is out of bounds [D:/study/architecture/ustc_ca2021_lab/lab4/Src/BTB/mem.sv:4312]
WARNING: [VRFC 10-3705] select index 4287 into 'ram_cell' is out of bounds [D:/study/architecture/ustc_ca2021_lab/lab4/Src/BTB/mem.sv:4313]
WARNING: [VRFC 10-3705] select index 4288 into 'ram_cell' is out of bounds [D:/study/architecture/ustc_ca2021_lab/lab4/Src/BTB/mem.sv:4314]
WARNING: [VRFC 10-3705] select index 4289 into 'ram_cell' is out of bounds [D:/study/architecture/ustc_ca2021_lab/lab4/Src/BTB/mem.sv:4315]
WARNING: [VRFC 10-3705] select index 4290 into 'ram_cell' is out of bounds [D:/study/architecture/ustc_ca2021_lab/lab4/Src/BTB/mem.sv:4316]
WARNING: [VRFC 10-3705] select index 4291 into 'ram_cell' is out of bounds [D:/study/architecture/ustc_ca2021_lab/lab4/Src/BTB/mem.sv:4317]
WARNING: [VRFC 10-3705] select index 4292 into 'ram_cell' is out of bounds [D:/study/architecture/ustc_ca2021_lab/lab4/Src/BTB/mem.sv:4318]
WARNING: [VRFC 10-3705] select index 4293 into 'ram_cell' is out of bounds [D:/study/architecture/ustc_ca2021_lab/lab4/Src/BTB/mem.sv:4319]
WARNING: [VRFC 10-3705] select index 4294 into 'ram_cell' is out of bounds [D:/study/architecture/ustc_ca2021_lab/lab4/Src/BTB/mem.sv:4320]
WARNING: [VRFC 10-3705] select index 4295 into 'ram_cell' is out of bounds [D:/study/architecture/ustc_ca2021_lab/lab4/Src/BTB/mem.sv:4321]
WARNING: [VRFC 10-3705] select index 4296 into 'ram_cell' is out of bounds [D:/study/architecture/ustc_ca2021_lab/lab4/Src/BTB/mem.sv:4322]
WARNING: [VRFC 10-3705] select index 4297 into 'ram_cell' is out of bounds [D:/study/architecture/ustc_ca2021_lab/lab4/Src/BTB/mem.sv:4323]
WARNING: [VRFC 10-3705] select index 4298 into 'ram_cell' is out of bounds [D:/study/architecture/ustc_ca2021_lab/lab4/Src/BTB/mem.sv:4324]
WARNING: [VRFC 10-3705] select index 4299 into 'ram_cell' is out of bounds [D:/study/architecture/ustc_ca2021_lab/lab4/Src/BTB/mem.sv:4325]
WARNING: [VRFC 10-3705] select index 4300 into 'ram_cell' is out of bounds [D:/study/architecture/ustc_ca2021_lab/lab4/Src/BTB/mem.sv:4326]
WARNING: [VRFC 10-3705] select index 4301 into 'ram_cell' is out of bounds [D:/study/architecture/ustc_ca2021_lab/lab4/Src/BTB/mem.sv:4327]
WARNING: [VRFC 10-3705] select index 4302 into 'ram_cell' is out of bounds [D:/study/architecture/ustc_ca2021_lab/lab4/Src/BTB/mem.sv:4328]
WARNING: [VRFC 10-3705] select index 4303 into 'ram_cell' is out of bounds [D:/study/architecture/ustc_ca2021_lab/lab4/Src/BTB/mem.sv:4329]
WARNING: [VRFC 10-3705] select index 4304 into 'ram_cell' is out of bounds [D:/study/architecture/ustc_ca2021_lab/lab4/Src/BTB/mem.sv:4330]
WARNING: [VRFC 10-3705] select index 4305 into 'ram_cell' is out of bounds [D:/study/architecture/ustc_ca2021_lab/lab4/Src/BTB/mem.sv:4331]
WARNING: [VRFC 10-3705] select index 4306 into 'ram_cell' is out of bounds [D:/study/architecture/ustc_ca2021_lab/lab4/Src/BTB/mem.sv:4332]
WARNING: [VRFC 10-3705] select index 4307 into 'ram_cell' is out of bounds [D:/study/architecture/ustc_ca2021_lab/lab4/Src/BTB/mem.sv:4333]
WARNING: [VRFC 10-3705] select index 4308 into 'ram_cell' is out of bounds [D:/study/architecture/ustc_ca2021_lab/lab4/Src/BTB/mem.sv:4334]
WARNING: [VRFC 10-3705] select index 4309 into 'ram_cell' is out of bounds [D:/study/architecture/ustc_ca2021_lab/lab4/Src/BTB/mem.sv:4335]
WARNING: [VRFC 10-3705] select index 4310 into 'ram_cell' is out of bounds [D:/study/architecture/ustc_ca2021_lab/lab4/Src/BTB/mem.sv:4336]
WARNING: [VRFC 10-3705] select index 4311 into 'ram_cell' is out of bounds [D:/study/architecture/ustc_ca2021_lab/lab4/Src/BTB/mem.sv:4337]
WARNING: [VRFC 10-3705] select index 4312 into 'ram_cell' is out of bounds [D:/study/architecture/ustc_ca2021_lab/lab4/Src/BTB/mem.sv:4338]
WARNING: [VRFC 10-3705] select index 4313 into 'ram_cell' is out of bounds [D:/study/architecture/ustc_ca2021_lab/lab4/Src/BTB/mem.sv:4339]
WARNING: [VRFC 10-3705] select index 4314 into 'ram_cell' is out of bounds [D:/study/architecture/ustc_ca2021_lab/lab4/Src/BTB/mem.sv:4340]
WARNING: [VRFC 10-3705] select index 4315 into 'ram_cell' is out of bounds [D:/study/architecture/ustc_ca2021_lab/lab4/Src/BTB/mem.sv:4341]
WARNING: [VRFC 10-3705] select index 4316 into 'ram_cell' is out of bounds [D:/study/architecture/ustc_ca2021_lab/lab4/Src/BTB/mem.sv:4342]
WARNING: [VRFC 10-3705] select index 4317 into 'ram_cell' is out of bounds [D:/study/architecture/ustc_ca2021_lab/lab4/Src/BTB/mem.sv:4343]
WARNING: [VRFC 10-3705] select index 4318 into 'ram_cell' is out of bounds [D:/study/architecture/ustc_ca2021_lab/lab4/Src/BTB/mem.sv:4344]
WARNING: [VRFC 10-3705] select index 4319 into 'ram_cell' is out of bounds [D:/study/architecture/ustc_ca2021_lab/lab4/Src/BTB/mem.sv:4345]
WARNING: [VRFC 10-3705] select index 4320 into 'ram_cell' is out of bounds [D:/study/architecture/ustc_ca2021_lab/lab4/Src/BTB/mem.sv:4346]
WARNING: [VRFC 10-3705] select index 4321 into 'ram_cell' is out of bounds [D:/study/architecture/ustc_ca2021_lab/lab4/Src/BTB/mem.sv:4347]
WARNING: [VRFC 10-3705] select index 4322 into 'ram_cell' is out of bounds [D:/study/architecture/ustc_ca2021_lab/lab4/Src/BTB/mem.sv:4348]
WARNING: [VRFC 10-3705] select index 4323 into 'ram_cell' is out of bounds [D:/study/architecture/ustc_ca2021_lab/lab4/Src/BTB/mem.sv:4349]
WARNING: [VRFC 10-3705] select index 4324 into 'ram_cell' is out of bounds [D:/study/architecture/ustc_ca2021_lab/lab4/Src/BTB/mem.sv:4350]
WARNING: [VRFC 10-3705] select index 4325 into 'ram_cell' is out of bounds [D:/study/architecture/ustc_ca2021_lab/lab4/Src/BTB/mem.sv:4351]
WARNING: [VRFC 10-3705] select index 4326 into 'ram_cell' is out of bounds [D:/study/architecture/ustc_ca2021_lab/lab4/Src/BTB/mem.sv:4352]
WARNING: [VRFC 10-3705] select index 4327 into 'ram_cell' is out of bounds [D:/study/architecture/ustc_ca2021_lab/lab4/Src/BTB/mem.sv:4353]
WARNING: [VRFC 10-3705] select index 4328 into 'ram_cell' is out of bounds [D:/study/architecture/ustc_ca2021_lab/lab4/Src/BTB/mem.sv:4354]
WARNING: [VRFC 10-3705] select index 4329 into 'ram_cell' is out of bounds [D:/study/architecture/ustc_ca2021_lab/lab4/Src/BTB/mem.sv:4355]
WARNING: [VRFC 10-3705] select index 4330 into 'ram_cell' is out of bounds [D:/study/architecture/ustc_ca2021_lab/lab4/Src/BTB/mem.sv:4356]
WARNING: [VRFC 10-3705] select index 4331 into 'ram_cell' is out of bounds [D:/study/architecture/ustc_ca2021_lab/lab4/Src/BTB/mem.sv:4357]
WARNING: [VRFC 10-3705] select index 4332 into 'ram_cell' is out of bounds [D:/study/architecture/ustc_ca2021_lab/lab4/Src/BTB/mem.sv:4358]
WARNING: [VRFC 10-3705] select index 4333 into 'ram_cell' is out of bounds [D:/study/architecture/ustc_ca2021_lab/lab4/Src/BTB/mem.sv:4359]
WARNING: [VRFC 10-3705] select index 4334 into 'ram_cell' is out of bounds [D:/study/architecture/ustc_ca2021_lab/lab4/Src/BTB/mem.sv:4360]
WARNING: [VRFC 10-3705] select index 4335 into 'ram_cell' is out of bounds [D:/study/architecture/ustc_ca2021_lab/lab4/Src/BTB/mem.sv:4361]
WARNING: [VRFC 10-3705] select index 4336 into 'ram_cell' is out of bounds [D:/study/architecture/ustc_ca2021_lab/lab4/Src/BTB/mem.sv:4362]
WARNING: [VRFC 10-3705] select index 4337 into 'ram_cell' is out of bounds [D:/study/architecture/ustc_ca2021_lab/lab4/Src/BTB/mem.sv:4363]
WARNING: [VRFC 10-3705] select index 4338 into 'ram_cell' is out of bounds [D:/study/architecture/ustc_ca2021_lab/lab4/Src/BTB/mem.sv:4364]
WARNING: [VRFC 10-3705] select index 4339 into 'ram_cell' is out of bounds [D:/study/architecture/ustc_ca2021_lab/lab4/Src/BTB/mem.sv:4365]
WARNING: [VRFC 10-3705] select index 4340 into 'ram_cell' is out of bounds [D:/study/architecture/ustc_ca2021_lab/lab4/Src/BTB/mem.sv:4366]
WARNING: [VRFC 10-3705] select index 4341 into 'ram_cell' is out of bounds [D:/study/architecture/ustc_ca2021_lab/lab4/Src/BTB/mem.sv:4367]
WARNING: [VRFC 10-3705] select index 4342 into 'ram_cell' is out of bounds [D:/study/architecture/ustc_ca2021_lab/lab4/Src/BTB/mem.sv:4368]
WARNING: [VRFC 10-3705] select index 4343 into 'ram_cell' is out of bounds [D:/study/architecture/ustc_ca2021_lab/lab4/Src/BTB/mem.sv:4369]
WARNING: [VRFC 10-3705] select index 4344 into 'ram_cell' is out of bounds [D:/study/architecture/ustc_ca2021_lab/lab4/Src/BTB/mem.sv:4370]
WARNING: [VRFC 10-3705] select index 4345 into 'ram_cell' is out of bounds [D:/study/architecture/ustc_ca2021_lab/lab4/Src/BTB/mem.sv:4371]
WARNING: [VRFC 10-3705] select index 4346 into 'ram_cell' is out of bounds [D:/study/architecture/ustc_ca2021_lab/lab4/Src/BTB/mem.sv:4372]
WARNING: [VRFC 10-3705] select index 4347 into 'ram_cell' is out of bounds [D:/study/architecture/ustc_ca2021_lab/lab4/Src/BTB/mem.sv:4373]
WARNING: [VRFC 10-3705] select index 4348 into 'ram_cell' is out of bounds [D:/study/architecture/ustc_ca2021_lab/lab4/Src/BTB/mem.sv:4374]
WARNING: [VRFC 10-3705] select index 4349 into 'ram_cell' is out of bounds [D:/study/architecture/ustc_ca2021_lab/lab4/Src/BTB/mem.sv:4375]
WARNING: [VRFC 10-3705] select index 4350 into 'ram_cell' is out of bounds [D:/study/architecture/ustc_ca2021_lab/lab4/Src/BTB/mem.sv:4376]
WARNING: [VRFC 10-3705] select index 4351 into 'ram_cell' is out of bounds [D:/study/architecture/ustc_ca2021_lab/lab4/Src/BTB/mem.sv:4377]
WARNING: [VRFC 10-3705] select index 4352 into 'ram_cell' is out of bounds [D:/study/architecture/ustc_ca2021_lab/lab4/Src/BTB/mem.sv:4378]
WARNING: [VRFC 10-3705] select index 4353 into 'ram_cell' is out of bounds [D:/study/architecture/ustc_ca2021_lab/lab4/Src/BTB/mem.sv:4379]
WARNING: [VRFC 10-3705] select index 4354 into 'ram_cell' is out of bounds [D:/study/architecture/ustc_ca2021_lab/lab4/Src/BTB/mem.sv:4380]
WARNING: [VRFC 10-3705] select index 4355 into 'ram_cell' is out of bounds [D:/study/architecture/ustc_ca2021_lab/lab4/Src/BTB/mem.sv:4381]
WARNING: [VRFC 10-3705] select index 4356 into 'ram_cell' is out of bounds [D:/study/architecture/ustc_ca2021_lab/lab4/Src/BTB/mem.sv:4382]
WARNING: [VRFC 10-3705] select index 4357 into 'ram_cell' is out of bounds [D:/study/architecture/ustc_ca2021_lab/lab4/Src/BTB/mem.sv:4383]
WARNING: [VRFC 10-3705] select index 4358 into 'ram_cell' is out of bounds [D:/study/architecture/ustc_ca2021_lab/lab4/Src/BTB/mem.sv:4384]
WARNING: [VRFC 10-3705] select index 4359 into 'ram_cell' is out of bounds [D:/study/architecture/ustc_ca2021_lab/lab4/Src/BTB/mem.sv:4385]
WARNING: [VRFC 10-3705] select index 4360 into 'ram_cell' is out of bounds [D:/study/architecture/ustc_ca2021_lab/lab4/Src/BTB/mem.sv:4386]
WARNING: [VRFC 10-3705] select index 4361 into 'ram_cell' is out of bounds [D:/study/architecture/ustc_ca2021_lab/lab4/Src/BTB/mem.sv:4387]
WARNING: [VRFC 10-3705] select index 4362 into 'ram_cell' is out of bounds [D:/study/architecture/ustc_ca2021_lab/lab4/Src/BTB/mem.sv:4388]
WARNING: [VRFC 10-3705] select index 4363 into 'ram_cell' is out of bounds [D:/study/architecture/ustc_ca2021_lab/lab4/Src/BTB/mem.sv:4389]
WARNING: [VRFC 10-3705] select index 4364 into 'ram_cell' is out of bounds [D:/study/architecture/ustc_ca2021_lab/lab4/Src/BTB/mem.sv:4390]
WARNING: [VRFC 10-3705] select index 4365 into 'ram_cell' is out of bounds [D:/study/architecture/ustc_ca2021_lab/lab4/Src/BTB/mem.sv:4391]
WARNING: [VRFC 10-3705] select index 4366 into 'ram_cell' is out of bounds [D:/study/architecture/ustc_ca2021_lab/lab4/Src/BTB/mem.sv:4392]
WARNING: [VRFC 10-3705] select index 4367 into 'ram_cell' is out of bounds [D:/study/architecture/ustc_ca2021_lab/lab4/Src/BTB/mem.sv:4393]
WARNING: [VRFC 10-3705] select index 4368 into 'ram_cell' is out of bounds [D:/study/architecture/ustc_ca2021_lab/lab4/Src/BTB/mem.sv:4394]
WARNING: [VRFC 10-3705] select index 4369 into 'ram_cell' is out of bounds [D:/study/architecture/ustc_ca2021_lab/lab4/Src/BTB/mem.sv:4395]
WARNING: [VRFC 10-3705] select index 4370 into 'ram_cell' is out of bounds [D:/study/architecture/ustc_ca2021_lab/lab4/Src/BTB/mem.sv:4396]
WARNING: [VRFC 10-3705] select index 4371 into 'ram_cell' is out of bounds [D:/study/architecture/ustc_ca2021_lab/lab4/Src/BTB/mem.sv:4397]
WARNING: [VRFC 10-3705] select index 4372 into 'ram_cell' is out of bounds [D:/study/architecture/ustc_ca2021_lab/lab4/Src/BTB/mem.sv:4398]
WARNING: [VRFC 10-3705] select index 4373 into 'ram_cell' is out of bounds [D:/study/architecture/ustc_ca2021_lab/lab4/Src/BTB/mem.sv:4399]
WARNING: [VRFC 10-3705] select index 4374 into 'ram_cell' is out of bounds [D:/study/architecture/ustc_ca2021_lab/lab4/Src/BTB/mem.sv:4400]
WARNING: [VRFC 10-3705] select index 4375 into 'ram_cell' is out of bounds [D:/study/architecture/ustc_ca2021_lab/lab4/Src/BTB/mem.sv:4401]
WARNING: [VRFC 10-3705] select index 4376 into 'ram_cell' is out of bounds [D:/study/architecture/ustc_ca2021_lab/lab4/Src/BTB/mem.sv:4402]
WARNING: [VRFC 10-3705] select index 4377 into 'ram_cell' is out of bounds [D:/study/architecture/ustc_ca2021_lab/lab4/Src/BTB/mem.sv:4403]
WARNING: [VRFC 10-3705] select index 4378 into 'ram_cell' is out of bounds [D:/study/architecture/ustc_ca2021_lab/lab4/Src/BTB/mem.sv:4404]
WARNING: [VRFC 10-3705] select index 4379 into 'ram_cell' is out of bounds [D:/study/architecture/ustc_ca2021_lab/lab4/Src/BTB/mem.sv:4405]
WARNING: [VRFC 10-3705] select index 4380 into 'ram_cell' is out of bounds [D:/study/architecture/ustc_ca2021_lab/lab4/Src/BTB/mem.sv:4406]
WARNING: [VRFC 10-3705] select index 4381 into 'ram_cell' is out of bounds [D:/study/architecture/ustc_ca2021_lab/lab4/Src/BTB/mem.sv:4407]
WARNING: [VRFC 10-3705] select index 4382 into 'ram_cell' is out of bounds [D:/study/architecture/ustc_ca2021_lab/lab4/Src/BTB/mem.sv:4408]
WARNING: [VRFC 10-3705] select index 4383 into 'ram_cell' is out of bounds [D:/study/architecture/ustc_ca2021_lab/lab4/Src/BTB/mem.sv:4409]
WARNING: [VRFC 10-3705] select index 4384 into 'ram_cell' is out of bounds [D:/study/architecture/ustc_ca2021_lab/lab4/Src/BTB/mem.sv:4410]
WARNING: [VRFC 10-3705] select index 4385 into 'ram_cell' is out of bounds [D:/study/architecture/ustc_ca2021_lab/lab4/Src/BTB/mem.sv:4411]
WARNING: [VRFC 10-3705] select index 4386 into 'ram_cell' is out of bounds [D:/study/architecture/ustc_ca2021_lab/lab4/Src/BTB/mem.sv:4412]
WARNING: [VRFC 10-3705] select index 4387 into 'ram_cell' is out of bounds [D:/study/architecture/ustc_ca2021_lab/lab4/Src/BTB/mem.sv:4413]
WARNING: [VRFC 10-3705] select index 4388 into 'ram_cell' is out of bounds [D:/study/architecture/ustc_ca2021_lab/lab4/Src/BTB/mem.sv:4414]
WARNING: [VRFC 10-3705] select index 4389 into 'ram_cell' is out of bounds [D:/study/architecture/ustc_ca2021_lab/lab4/Src/BTB/mem.sv:4415]
WARNING: [VRFC 10-3705] select index 4390 into 'ram_cell' is out of bounds [D:/study/architecture/ustc_ca2021_lab/lab4/Src/BTB/mem.sv:4416]
WARNING: [VRFC 10-3705] select index 4391 into 'ram_cell' is out of bounds [D:/study/architecture/ustc_ca2021_lab/lab4/Src/BTB/mem.sv:4417]
WARNING: [VRFC 10-3705] select index 4392 into 'ram_cell' is out of bounds [D:/study/architecture/ustc_ca2021_lab/lab4/Src/BTB/mem.sv:4418]
WARNING: [VRFC 10-3705] select index 4393 into 'ram_cell' is out of bounds [D:/study/architecture/ustc_ca2021_lab/lab4/Src/BTB/mem.sv:4419]
WARNING: [VRFC 10-3705] select index 4394 into 'ram_cell' is out of bounds [D:/study/architecture/ustc_ca2021_lab/lab4/Src/BTB/mem.sv:4420]
WARNING: [VRFC 10-3705] select index 4395 into 'ram_cell' is out of bounds [D:/study/architecture/ustc_ca2021_lab/lab4/Src/BTB/mem.sv:4421]
WARNING: [VRFC 10-3705] select index 4396 into 'ram_cell' is out of bounds [D:/study/architecture/ustc_ca2021_lab/lab4/Src/BTB/mem.sv:4422]
WARNING: [VRFC 10-3705] select index 4397 into 'ram_cell' is out of bounds [D:/study/architecture/ustc_ca2021_lab/lab4/Src/BTB/mem.sv:4423]
WARNING: [VRFC 10-3705] select index 4398 into 'ram_cell' is out of bounds [D:/study/architecture/ustc_ca2021_lab/lab4/Src/BTB/mem.sv:4424]
WARNING: [VRFC 10-3705] select index 4399 into 'ram_cell' is out of bounds [D:/study/architecture/ustc_ca2021_lab/lab4/Src/BTB/mem.sv:4425]
WARNING: [VRFC 10-3705] select index 4400 into 'ram_cell' is out of bounds [D:/study/architecture/ustc_ca2021_lab/lab4/Src/BTB/mem.sv:4426]
WARNING: [VRFC 10-3705] select index 4401 into 'ram_cell' is out of bounds [D:/study/architecture/ustc_ca2021_lab/lab4/Src/BTB/mem.sv:4427]
WARNING: [VRFC 10-3705] select index 4402 into 'ram_cell' is out of bounds [D:/study/architecture/ustc_ca2021_lab/lab4/Src/BTB/mem.sv:4428]
WARNING: [VRFC 10-3705] select index 4403 into 'ram_cell' is out of bounds [D:/study/architecture/ustc_ca2021_lab/lab4/Src/BTB/mem.sv:4429]
WARNING: [VRFC 10-3705] select index 4404 into 'ram_cell' is out of bounds [D:/study/architecture/ustc_ca2021_lab/lab4/Src/BTB/mem.sv:4430]
WARNING: [VRFC 10-3705] select index 4405 into 'ram_cell' is out of bounds [D:/study/architecture/ustc_ca2021_lab/lab4/Src/BTB/mem.sv:4431]
WARNING: [VRFC 10-3705] select index 4406 into 'ram_cell' is out of bounds [D:/study/architecture/ustc_ca2021_lab/lab4/Src/BTB/mem.sv:4432]
WARNING: [VRFC 10-3705] select index 4407 into 'ram_cell' is out of bounds [D:/study/architecture/ustc_ca2021_lab/lab4/Src/BTB/mem.sv:4433]
WARNING: [VRFC 10-3705] select index 4408 into 'ram_cell' is out of bounds [D:/study/architecture/ustc_ca2021_lab/lab4/Src/BTB/mem.sv:4434]
WARNING: [VRFC 10-3705] select index 4409 into 'ram_cell' is out of bounds [D:/study/architecture/ustc_ca2021_lab/lab4/Src/BTB/mem.sv:4435]
WARNING: [VRFC 10-3705] select index 4410 into 'ram_cell' is out of bounds [D:/study/architecture/ustc_ca2021_lab/lab4/Src/BTB/mem.sv:4436]
WARNING: [VRFC 10-3705] select index 4411 into 'ram_cell' is out of bounds [D:/study/architecture/ustc_ca2021_lab/lab4/Src/BTB/mem.sv:4437]
WARNING: [VRFC 10-3705] select index 4412 into 'ram_cell' is out of bounds [D:/study/architecture/ustc_ca2021_lab/lab4/Src/BTB/mem.sv:4438]
WARNING: [VRFC 10-3705] select index 4413 into 'ram_cell' is out of bounds [D:/study/architecture/ustc_ca2021_lab/lab4/Src/BTB/mem.sv:4439]
WARNING: [VRFC 10-3705] select index 4414 into 'ram_cell' is out of bounds [D:/study/architecture/ustc_ca2021_lab/lab4/Src/BTB/mem.sv:4440]
WARNING: [VRFC 10-3705] select index 4415 into 'ram_cell' is out of bounds [D:/study/architecture/ustc_ca2021_lab/lab4/Src/BTB/mem.sv:4441]
WARNING: [VRFC 10-3705] select index 4416 into 'ram_cell' is out of bounds [D:/study/architecture/ustc_ca2021_lab/lab4/Src/BTB/mem.sv:4442]
WARNING: [VRFC 10-3705] select index 4417 into 'ram_cell' is out of bounds [D:/study/architecture/ustc_ca2021_lab/lab4/Src/BTB/mem.sv:4443]
WARNING: [VRFC 10-3705] select index 4418 into 'ram_cell' is out of bounds [D:/study/architecture/ustc_ca2021_lab/lab4/Src/BTB/mem.sv:4444]
WARNING: [VRFC 10-3705] select index 4419 into 'ram_cell' is out of bounds [D:/study/architecture/ustc_ca2021_lab/lab4/Src/BTB/mem.sv:4445]
WARNING: [VRFC 10-3705] select index 4420 into 'ram_cell' is out of bounds [D:/study/architecture/ustc_ca2021_lab/lab4/Src/BTB/mem.sv:4446]
WARNING: [VRFC 10-3705] select index 4421 into 'ram_cell' is out of bounds [D:/study/architecture/ustc_ca2021_lab/lab4/Src/BTB/mem.sv:4447]
WARNING: [VRFC 10-3705] select index 4422 into 'ram_cell' is out of bounds [D:/study/architecture/ustc_ca2021_lab/lab4/Src/BTB/mem.sv:4448]
WARNING: [VRFC 10-3705] select index 4423 into 'ram_cell' is out of bounds [D:/study/architecture/ustc_ca2021_lab/lab4/Src/BTB/mem.sv:4449]
WARNING: [VRFC 10-3705] select index 4424 into 'ram_cell' is out of bounds [D:/study/architecture/ustc_ca2021_lab/lab4/Src/BTB/mem.sv:4450]
WARNING: [VRFC 10-3705] select index 4425 into 'ram_cell' is out of bounds [D:/study/architecture/ustc_ca2021_lab/lab4/Src/BTB/mem.sv:4451]
WARNING: [VRFC 10-3705] select index 4426 into 'ram_cell' is out of bounds [D:/study/architecture/ustc_ca2021_lab/lab4/Src/BTB/mem.sv:4452]
WARNING: [VRFC 10-3705] select index 4427 into 'ram_cell' is out of bounds [D:/study/architecture/ustc_ca2021_lab/lab4/Src/BTB/mem.sv:4453]
WARNING: [VRFC 10-3705] select index 4428 into 'ram_cell' is out of bounds [D:/study/architecture/ustc_ca2021_lab/lab4/Src/BTB/mem.sv:4454]
WARNING: [VRFC 10-3705] select index 4429 into 'ram_cell' is out of bounds [D:/study/architecture/ustc_ca2021_lab/lab4/Src/BTB/mem.sv:4455]
WARNING: [VRFC 10-3705] select index 4430 into 'ram_cell' is out of bounds [D:/study/architecture/ustc_ca2021_lab/lab4/Src/BTB/mem.sv:4456]
WARNING: [VRFC 10-3705] select index 4431 into 'ram_cell' is out of bounds [D:/study/architecture/ustc_ca2021_lab/lab4/Src/BTB/mem.sv:4457]
WARNING: [VRFC 10-3705] select index 4432 into 'ram_cell' is out of bounds [D:/study/architecture/ustc_ca2021_lab/lab4/Src/BTB/mem.sv:4458]
WARNING: [VRFC 10-3705] select index 4433 into 'ram_cell' is out of bounds [D:/study/architecture/ustc_ca2021_lab/lab4/Src/BTB/mem.sv:4459]
WARNING: [VRFC 10-3705] select index 4434 into 'ram_cell' is out of bounds [D:/study/architecture/ustc_ca2021_lab/lab4/Src/BTB/mem.sv:4460]
WARNING: [VRFC 10-3705] select index 4435 into 'ram_cell' is out of bounds [D:/study/architecture/ustc_ca2021_lab/lab4/Src/BTB/mem.sv:4461]
WARNING: [VRFC 10-3705] select index 4436 into 'ram_cell' is out of bounds [D:/study/architecture/ustc_ca2021_lab/lab4/Src/BTB/mem.sv:4462]
WARNING: [VRFC 10-3705] select index 4437 into 'ram_cell' is out of bounds [D:/study/architecture/ustc_ca2021_lab/lab4/Src/BTB/mem.sv:4463]
WARNING: [VRFC 10-3705] select index 4438 into 'ram_cell' is out of bounds [D:/study/architecture/ustc_ca2021_lab/lab4/Src/BTB/mem.sv:4464]
WARNING: [VRFC 10-3705] select index 4439 into 'ram_cell' is out of bounds [D:/study/architecture/ustc_ca2021_lab/lab4/Src/BTB/mem.sv:4465]
WARNING: [VRFC 10-3705] select index 4440 into 'ram_cell' is out of bounds [D:/study/architecture/ustc_ca2021_lab/lab4/Src/BTB/mem.sv:4466]
WARNING: [VRFC 10-3705] select index 4441 into 'ram_cell' is out of bounds [D:/study/architecture/ustc_ca2021_lab/lab4/Src/BTB/mem.sv:4467]
WARNING: [VRFC 10-3705] select index 4442 into 'ram_cell' is out of bounds [D:/study/architecture/ustc_ca2021_lab/lab4/Src/BTB/mem.sv:4468]
WARNING: [VRFC 10-3705] select index 4443 into 'ram_cell' is out of bounds [D:/study/architecture/ustc_ca2021_lab/lab4/Src/BTB/mem.sv:4469]
WARNING: [VRFC 10-3705] select index 4444 into 'ram_cell' is out of bounds [D:/study/architecture/ustc_ca2021_lab/lab4/Src/BTB/mem.sv:4470]
WARNING: [VRFC 10-3705] select index 4445 into 'ram_cell' is out of bounds [D:/study/architecture/ustc_ca2021_lab/lab4/Src/BTB/mem.sv:4471]
WARNING: [VRFC 10-3705] select index 4446 into 'ram_cell' is out of bounds [D:/study/architecture/ustc_ca2021_lab/lab4/Src/BTB/mem.sv:4472]
WARNING: [VRFC 10-3705] select index 4447 into 'ram_cell' is out of bounds [D:/study/architecture/ustc_ca2021_lab/lab4/Src/BTB/mem.sv:4473]
WARNING: [VRFC 10-3705] select index 4448 into 'ram_cell' is out of bounds [D:/study/architecture/ustc_ca2021_lab/lab4/Src/BTB/mem.sv:4474]
WARNING: [VRFC 10-3705] select index 4449 into 'ram_cell' is out of bounds [D:/study/architecture/ustc_ca2021_lab/lab4/Src/BTB/mem.sv:4475]
WARNING: [VRFC 10-3705] select index 4450 into 'ram_cell' is out of bounds [D:/study/architecture/ustc_ca2021_lab/lab4/Src/BTB/mem.sv:4476]
WARNING: [VRFC 10-3705] select index 4451 into 'ram_cell' is out of bounds [D:/study/architecture/ustc_ca2021_lab/lab4/Src/BTB/mem.sv:4477]
WARNING: [VRFC 10-3705] select index 4452 into 'ram_cell' is out of bounds [D:/study/architecture/ustc_ca2021_lab/lab4/Src/BTB/mem.sv:4478]
WARNING: [VRFC 10-3705] select index 4453 into 'ram_cell' is out of bounds [D:/study/architecture/ustc_ca2021_lab/lab4/Src/BTB/mem.sv:4479]
WARNING: [VRFC 10-3705] select index 4454 into 'ram_cell' is out of bounds [D:/study/architecture/ustc_ca2021_lab/lab4/Src/BTB/mem.sv:4480]
WARNING: [VRFC 10-3705] select index 4455 into 'ram_cell' is out of bounds [D:/study/architecture/ustc_ca2021_lab/lab4/Src/BTB/mem.sv:4481]
WARNING: [VRFC 10-3705] select index 4456 into 'ram_cell' is out of bounds [D:/study/architecture/ustc_ca2021_lab/lab4/Src/BTB/mem.sv:4482]
WARNING: [VRFC 10-3705] select index 4457 into 'ram_cell' is out of bounds [D:/study/architecture/ustc_ca2021_lab/lab4/Src/BTB/mem.sv:4483]
WARNING: [VRFC 10-3705] select index 4458 into 'ram_cell' is out of bounds [D:/study/architecture/ustc_ca2021_lab/lab4/Src/BTB/mem.sv:4484]
WARNING: [VRFC 10-3705] select index 4459 into 'ram_cell' is out of bounds [D:/study/architecture/ustc_ca2021_lab/lab4/Src/BTB/mem.sv:4485]
WARNING: [VRFC 10-3705] select index 4460 into 'ram_cell' is out of bounds [D:/study/architecture/ustc_ca2021_lab/lab4/Src/BTB/mem.sv:4486]
WARNING: [VRFC 10-3705] select index 4461 into 'ram_cell' is out of bounds [D:/study/architecture/ustc_ca2021_lab/lab4/Src/BTB/mem.sv:4487]
WARNING: [VRFC 10-3705] select index 4462 into 'ram_cell' is out of bounds [D:/study/architecture/ustc_ca2021_lab/lab4/Src/BTB/mem.sv:4488]
WARNING: [VRFC 10-3705] select index 4463 into 'ram_cell' is out of bounds [D:/study/architecture/ustc_ca2021_lab/lab4/Src/BTB/mem.sv:4489]
WARNING: [VRFC 10-3705] select index 4464 into 'ram_cell' is out of bounds [D:/study/architecture/ustc_ca2021_lab/lab4/Src/BTB/mem.sv:4490]
WARNING: [VRFC 10-3705] select index 4465 into 'ram_cell' is out of bounds [D:/study/architecture/ustc_ca2021_lab/lab4/Src/BTB/mem.sv:4491]
WARNING: [VRFC 10-3705] select index 4466 into 'ram_cell' is out of bounds [D:/study/architecture/ustc_ca2021_lab/lab4/Src/BTB/mem.sv:4492]
WARNING: [VRFC 10-3705] select index 4467 into 'ram_cell' is out of bounds [D:/study/architecture/ustc_ca2021_lab/lab4/Src/BTB/mem.sv:4493]
WARNING: [VRFC 10-3705] select index 4468 into 'ram_cell' is out of bounds [D:/study/architecture/ustc_ca2021_lab/lab4/Src/BTB/mem.sv:4494]
WARNING: [VRFC 10-3705] select index 4469 into 'ram_cell' is out of bounds [D:/study/architecture/ustc_ca2021_lab/lab4/Src/BTB/mem.sv:4495]
WARNING: [VRFC 10-3705] select index 4470 into 'ram_cell' is out of bounds [D:/study/architecture/ustc_ca2021_lab/lab4/Src/BTB/mem.sv:4496]
WARNING: [VRFC 10-3705] select index 4471 into 'ram_cell' is out of bounds [D:/study/architecture/ustc_ca2021_lab/lab4/Src/BTB/mem.sv:4497]
WARNING: [VRFC 10-3705] select index 4472 into 'ram_cell' is out of bounds [D:/study/architecture/ustc_ca2021_lab/lab4/Src/BTB/mem.sv:4498]
WARNING: [VRFC 10-3705] select index 4473 into 'ram_cell' is out of bounds [D:/study/architecture/ustc_ca2021_lab/lab4/Src/BTB/mem.sv:4499]
WARNING: [VRFC 10-3705] select index 4474 into 'ram_cell' is out of bounds [D:/study/architecture/ustc_ca2021_lab/lab4/Src/BTB/mem.sv:4500]
WARNING: [VRFC 10-3705] select index 4475 into 'ram_cell' is out of bounds [D:/study/architecture/ustc_ca2021_lab/lab4/Src/BTB/mem.sv:4501]
WARNING: [VRFC 10-3705] select index 4476 into 'ram_cell' is out of bounds [D:/study/architecture/ustc_ca2021_lab/lab4/Src/BTB/mem.sv:4502]
WARNING: [VRFC 10-3705] select index 4477 into 'ram_cell' is out of bounds [D:/study/architecture/ustc_ca2021_lab/lab4/Src/BTB/mem.sv:4503]
WARNING: [VRFC 10-3705] select index 4478 into 'ram_cell' is out of bounds [D:/study/architecture/ustc_ca2021_lab/lab4/Src/BTB/mem.sv:4504]
WARNING: [VRFC 10-3705] select index 4479 into 'ram_cell' is out of bounds [D:/study/architecture/ustc_ca2021_lab/lab4/Src/BTB/mem.sv:4505]
WARNING: [VRFC 10-3705] select index 4480 into 'ram_cell' is out of bounds [D:/study/architecture/ustc_ca2021_lab/lab4/Src/BTB/mem.sv:4506]
WARNING: [VRFC 10-3705] select index 4481 into 'ram_cell' is out of bounds [D:/study/architecture/ustc_ca2021_lab/lab4/Src/BTB/mem.sv:4507]
WARNING: [VRFC 10-3705] select index 4482 into 'ram_cell' is out of bounds [D:/study/architecture/ustc_ca2021_lab/lab4/Src/BTB/mem.sv:4508]
WARNING: [VRFC 10-3705] select index 4483 into 'ram_cell' is out of bounds [D:/study/architecture/ustc_ca2021_lab/lab4/Src/BTB/mem.sv:4509]
WARNING: [VRFC 10-3705] select index 4484 into 'ram_cell' is out of bounds [D:/study/architecture/ustc_ca2021_lab/lab4/Src/BTB/mem.sv:4510]
WARNING: [VRFC 10-3705] select index 4485 into 'ram_cell' is out of bounds [D:/study/architecture/ustc_ca2021_lab/lab4/Src/BTB/mem.sv:4511]
WARNING: [VRFC 10-3705] select index 4486 into 'ram_cell' is out of bounds [D:/study/architecture/ustc_ca2021_lab/lab4/Src/BTB/mem.sv:4512]
WARNING: [VRFC 10-3705] select index 4487 into 'ram_cell' is out of bounds [D:/study/architecture/ustc_ca2021_lab/lab4/Src/BTB/mem.sv:4513]
WARNING: [VRFC 10-3705] select index 4488 into 'ram_cell' is out of bounds [D:/study/architecture/ustc_ca2021_lab/lab4/Src/BTB/mem.sv:4514]
WARNING: [VRFC 10-3705] select index 4489 into 'ram_cell' is out of bounds [D:/study/architecture/ustc_ca2021_lab/lab4/Src/BTB/mem.sv:4515]
WARNING: [VRFC 10-3705] select index 4490 into 'ram_cell' is out of bounds [D:/study/architecture/ustc_ca2021_lab/lab4/Src/BTB/mem.sv:4516]
WARNING: [VRFC 10-3705] select index 4491 into 'ram_cell' is out of bounds [D:/study/architecture/ustc_ca2021_lab/lab4/Src/BTB/mem.sv:4517]
WARNING: [VRFC 10-3705] select index 4492 into 'ram_cell' is out of bounds [D:/study/architecture/ustc_ca2021_lab/lab4/Src/BTB/mem.sv:4518]
WARNING: [VRFC 10-3705] select index 4493 into 'ram_cell' is out of bounds [D:/study/architecture/ustc_ca2021_lab/lab4/Src/BTB/mem.sv:4519]
WARNING: [VRFC 10-3705] select index 4494 into 'ram_cell' is out of bounds [D:/study/architecture/ustc_ca2021_lab/lab4/Src/BTB/mem.sv:4520]
WARNING: [VRFC 10-3705] select index 4495 into 'ram_cell' is out of bounds [D:/study/architecture/ustc_ca2021_lab/lab4/Src/BTB/mem.sv:4521]
WARNING: [VRFC 10-3705] select index 4496 into 'ram_cell' is out of bounds [D:/study/architecture/ustc_ca2021_lab/lab4/Src/BTB/mem.sv:4522]
WARNING: [VRFC 10-3705] select index 4497 into 'ram_cell' is out of bounds [D:/study/architecture/ustc_ca2021_lab/lab4/Src/BTB/mem.sv:4523]
WARNING: [VRFC 10-3705] select index 4498 into 'ram_cell' is out of bounds [D:/study/architecture/ustc_ca2021_lab/lab4/Src/BTB/mem.sv:4524]
WARNING: [VRFC 10-3705] select index 4499 into 'ram_cell' is out of bounds [D:/study/architecture/ustc_ca2021_lab/lab4/Src/BTB/mem.sv:4525]
WARNING: [VRFC 10-3705] select index 4500 into 'ram_cell' is out of bounds [D:/study/architecture/ustc_ca2021_lab/lab4/Src/BTB/mem.sv:4526]
WARNING: [VRFC 10-3705] select index 4501 into 'ram_cell' is out of bounds [D:/study/architecture/ustc_ca2021_lab/lab4/Src/BTB/mem.sv:4527]
WARNING: [VRFC 10-3705] select index 4502 into 'ram_cell' is out of bounds [D:/study/architecture/ustc_ca2021_lab/lab4/Src/BTB/mem.sv:4528]
WARNING: [VRFC 10-3705] select index 4503 into 'ram_cell' is out of bounds [D:/study/architecture/ustc_ca2021_lab/lab4/Src/BTB/mem.sv:4529]
WARNING: [VRFC 10-3705] select index 4504 into 'ram_cell' is out of bounds [D:/study/architecture/ustc_ca2021_lab/lab4/Src/BTB/mem.sv:4530]
WARNING: [VRFC 10-3705] select index 4505 into 'ram_cell' is out of bounds [D:/study/architecture/ustc_ca2021_lab/lab4/Src/BTB/mem.sv:4531]
WARNING: [VRFC 10-3705] select index 4506 into 'ram_cell' is out of bounds [D:/study/architecture/ustc_ca2021_lab/lab4/Src/BTB/mem.sv:4532]
WARNING: [VRFC 10-3705] select index 4507 into 'ram_cell' is out of bounds [D:/study/architecture/ustc_ca2021_lab/lab4/Src/BTB/mem.sv:4533]
WARNING: [VRFC 10-3705] select index 4508 into 'ram_cell' is out of bounds [D:/study/architecture/ustc_ca2021_lab/lab4/Src/BTB/mem.sv:4534]
WARNING: [VRFC 10-3705] select index 4509 into 'ram_cell' is out of bounds [D:/study/architecture/ustc_ca2021_lab/lab4/Src/BTB/mem.sv:4535]
WARNING: [VRFC 10-3705] select index 4510 into 'ram_cell' is out of bounds [D:/study/architecture/ustc_ca2021_lab/lab4/Src/BTB/mem.sv:4536]
WARNING: [VRFC 10-3705] select index 4511 into 'ram_cell' is out of bounds [D:/study/architecture/ustc_ca2021_lab/lab4/Src/BTB/mem.sv:4537]
WARNING: [VRFC 10-3705] select index 4512 into 'ram_cell' is out of bounds [D:/study/architecture/ustc_ca2021_lab/lab4/Src/BTB/mem.sv:4538]
WARNING: [VRFC 10-3705] select index 4513 into 'ram_cell' is out of bounds [D:/study/architecture/ustc_ca2021_lab/lab4/Src/BTB/mem.sv:4539]
WARNING: [VRFC 10-3705] select index 4514 into 'ram_cell' is out of bounds [D:/study/architecture/ustc_ca2021_lab/lab4/Src/BTB/mem.sv:4540]
WARNING: [VRFC 10-3705] select index 4515 into 'ram_cell' is out of bounds [D:/study/architecture/ustc_ca2021_lab/lab4/Src/BTB/mem.sv:4541]
WARNING: [VRFC 10-3705] select index 4516 into 'ram_cell' is out of bounds [D:/study/architecture/ustc_ca2021_lab/lab4/Src/BTB/mem.sv:4542]
WARNING: [VRFC 10-3705] select index 4517 into 'ram_cell' is out of bounds [D:/study/architecture/ustc_ca2021_lab/lab4/Src/BTB/mem.sv:4543]
WARNING: [VRFC 10-3705] select index 4518 into 'ram_cell' is out of bounds [D:/study/architecture/ustc_ca2021_lab/lab4/Src/BTB/mem.sv:4544]
WARNING: [VRFC 10-3705] select index 4519 into 'ram_cell' is out of bounds [D:/study/architecture/ustc_ca2021_lab/lab4/Src/BTB/mem.sv:4545]
WARNING: [VRFC 10-3705] select index 4520 into 'ram_cell' is out of bounds [D:/study/architecture/ustc_ca2021_lab/lab4/Src/BTB/mem.sv:4546]
WARNING: [VRFC 10-3705] select index 4521 into 'ram_cell' is out of bounds [D:/study/architecture/ustc_ca2021_lab/lab4/Src/BTB/mem.sv:4547]
WARNING: [VRFC 10-3705] select index 4522 into 'ram_cell' is out of bounds [D:/study/architecture/ustc_ca2021_lab/lab4/Src/BTB/mem.sv:4548]
WARNING: [VRFC 10-3705] select index 4523 into 'ram_cell' is out of bounds [D:/study/architecture/ustc_ca2021_lab/lab4/Src/BTB/mem.sv:4549]
WARNING: [VRFC 10-3705] select index 4524 into 'ram_cell' is out of bounds [D:/study/architecture/ustc_ca2021_lab/lab4/Src/BTB/mem.sv:4550]
WARNING: [VRFC 10-3705] select index 4525 into 'ram_cell' is out of bounds [D:/study/architecture/ustc_ca2021_lab/lab4/Src/BTB/mem.sv:4551]
WARNING: [VRFC 10-3705] select index 4526 into 'ram_cell' is out of bounds [D:/study/architecture/ustc_ca2021_lab/lab4/Src/BTB/mem.sv:4552]
WARNING: [VRFC 10-3705] select index 4527 into 'ram_cell' is out of bounds [D:/study/architecture/ustc_ca2021_lab/lab4/Src/BTB/mem.sv:4553]
WARNING: [VRFC 10-3705] select index 4528 into 'ram_cell' is out of bounds [D:/study/architecture/ustc_ca2021_lab/lab4/Src/BTB/mem.sv:4554]
WARNING: [VRFC 10-3705] select index 4529 into 'ram_cell' is out of bounds [D:/study/architecture/ustc_ca2021_lab/lab4/Src/BTB/mem.sv:4555]
WARNING: [VRFC 10-3705] select index 4530 into 'ram_cell' is out of bounds [D:/study/architecture/ustc_ca2021_lab/lab4/Src/BTB/mem.sv:4556]
WARNING: [VRFC 10-3705] select index 4531 into 'ram_cell' is out of bounds [D:/study/architecture/ustc_ca2021_lab/lab4/Src/BTB/mem.sv:4557]
WARNING: [VRFC 10-3705] select index 4532 into 'ram_cell' is out of bounds [D:/study/architecture/ustc_ca2021_lab/lab4/Src/BTB/mem.sv:4558]
WARNING: [VRFC 10-3705] select index 4533 into 'ram_cell' is out of bounds [D:/study/architecture/ustc_ca2021_lab/lab4/Src/BTB/mem.sv:4559]
WARNING: [VRFC 10-3705] select index 4534 into 'ram_cell' is out of bounds [D:/study/architecture/ustc_ca2021_lab/lab4/Src/BTB/mem.sv:4560]
WARNING: [VRFC 10-3705] select index 4535 into 'ram_cell' is out of bounds [D:/study/architecture/ustc_ca2021_lab/lab4/Src/BTB/mem.sv:4561]
WARNING: [VRFC 10-3705] select index 4536 into 'ram_cell' is out of bounds [D:/study/architecture/ustc_ca2021_lab/lab4/Src/BTB/mem.sv:4562]
WARNING: [VRFC 10-3705] select index 4537 into 'ram_cell' is out of bounds [D:/study/architecture/ustc_ca2021_lab/lab4/Src/BTB/mem.sv:4563]
WARNING: [VRFC 10-3705] select index 4538 into 'ram_cell' is out of bounds [D:/study/architecture/ustc_ca2021_lab/lab4/Src/BTB/mem.sv:4564]
WARNING: [VRFC 10-3705] select index 4539 into 'ram_cell' is out of bounds [D:/study/architecture/ustc_ca2021_lab/lab4/Src/BTB/mem.sv:4565]
WARNING: [VRFC 10-3705] select index 4540 into 'ram_cell' is out of bounds [D:/study/architecture/ustc_ca2021_lab/lab4/Src/BTB/mem.sv:4566]
WARNING: [VRFC 10-3705] select index 4541 into 'ram_cell' is out of bounds [D:/study/architecture/ustc_ca2021_lab/lab4/Src/BTB/mem.sv:4567]
WARNING: [VRFC 10-3705] select index 4542 into 'ram_cell' is out of bounds [D:/study/architecture/ustc_ca2021_lab/lab4/Src/BTB/mem.sv:4568]
WARNING: [VRFC 10-3705] select index 4543 into 'ram_cell' is out of bounds [D:/study/architecture/ustc_ca2021_lab/lab4/Src/BTB/mem.sv:4569]
WARNING: [VRFC 10-3705] select index 4544 into 'ram_cell' is out of bounds [D:/study/architecture/ustc_ca2021_lab/lab4/Src/BTB/mem.sv:4570]
WARNING: [VRFC 10-3705] select index 4545 into 'ram_cell' is out of bounds [D:/study/architecture/ustc_ca2021_lab/lab4/Src/BTB/mem.sv:4571]
WARNING: [VRFC 10-3705] select index 4546 into 'ram_cell' is out of bounds [D:/study/architecture/ustc_ca2021_lab/lab4/Src/BTB/mem.sv:4572]
WARNING: [VRFC 10-3705] select index 4547 into 'ram_cell' is out of bounds [D:/study/architecture/ustc_ca2021_lab/lab4/Src/BTB/mem.sv:4573]
WARNING: [VRFC 10-3705] select index 4548 into 'ram_cell' is out of bounds [D:/study/architecture/ustc_ca2021_lab/lab4/Src/BTB/mem.sv:4574]
WARNING: [VRFC 10-3705] select index 4549 into 'ram_cell' is out of bounds [D:/study/architecture/ustc_ca2021_lab/lab4/Src/BTB/mem.sv:4575]
WARNING: [VRFC 10-3705] select index 4550 into 'ram_cell' is out of bounds [D:/study/architecture/ustc_ca2021_lab/lab4/Src/BTB/mem.sv:4576]
WARNING: [VRFC 10-3705] select index 4551 into 'ram_cell' is out of bounds [D:/study/architecture/ustc_ca2021_lab/lab4/Src/BTB/mem.sv:4577]
WARNING: [VRFC 10-3705] select index 4552 into 'ram_cell' is out of bounds [D:/study/architecture/ustc_ca2021_lab/lab4/Src/BTB/mem.sv:4578]
WARNING: [VRFC 10-3705] select index 4553 into 'ram_cell' is out of bounds [D:/study/architecture/ustc_ca2021_lab/lab4/Src/BTB/mem.sv:4579]
WARNING: [VRFC 10-3705] select index 4554 into 'ram_cell' is out of bounds [D:/study/architecture/ustc_ca2021_lab/lab4/Src/BTB/mem.sv:4580]
WARNING: [VRFC 10-3705] select index 4555 into 'ram_cell' is out of bounds [D:/study/architecture/ustc_ca2021_lab/lab4/Src/BTB/mem.sv:4581]
WARNING: [VRFC 10-3705] select index 4556 into 'ram_cell' is out of bounds [D:/study/architecture/ustc_ca2021_lab/lab4/Src/BTB/mem.sv:4582]
WARNING: [VRFC 10-3705] select index 4557 into 'ram_cell' is out of bounds [D:/study/architecture/ustc_ca2021_lab/lab4/Src/BTB/mem.sv:4583]
WARNING: [VRFC 10-3705] select index 4558 into 'ram_cell' is out of bounds [D:/study/architecture/ustc_ca2021_lab/lab4/Src/BTB/mem.sv:4584]
WARNING: [VRFC 10-3705] select index 4559 into 'ram_cell' is out of bounds [D:/study/architecture/ustc_ca2021_lab/lab4/Src/BTB/mem.sv:4585]
WARNING: [VRFC 10-3705] select index 4560 into 'ram_cell' is out of bounds [D:/study/architecture/ustc_ca2021_lab/lab4/Src/BTB/mem.sv:4586]
WARNING: [VRFC 10-3705] select index 4561 into 'ram_cell' is out of bounds [D:/study/architecture/ustc_ca2021_lab/lab4/Src/BTB/mem.sv:4587]
WARNING: [VRFC 10-3705] select index 4562 into 'ram_cell' is out of bounds [D:/study/architecture/ustc_ca2021_lab/lab4/Src/BTB/mem.sv:4588]
WARNING: [VRFC 10-3705] select index 4563 into 'ram_cell' is out of bounds [D:/study/architecture/ustc_ca2021_lab/lab4/Src/BTB/mem.sv:4589]
WARNING: [VRFC 10-3705] select index 4564 into 'ram_cell' is out of bounds [D:/study/architecture/ustc_ca2021_lab/lab4/Src/BTB/mem.sv:4590]
WARNING: [VRFC 10-3705] select index 4565 into 'ram_cell' is out of bounds [D:/study/architecture/ustc_ca2021_lab/lab4/Src/BTB/mem.sv:4591]
WARNING: [VRFC 10-3705] select index 4566 into 'ram_cell' is out of bounds [D:/study/architecture/ustc_ca2021_lab/lab4/Src/BTB/mem.sv:4592]
WARNING: [VRFC 10-3705] select index 4567 into 'ram_cell' is out of bounds [D:/study/architecture/ustc_ca2021_lab/lab4/Src/BTB/mem.sv:4593]
WARNING: [VRFC 10-3705] select index 4568 into 'ram_cell' is out of bounds [D:/study/architecture/ustc_ca2021_lab/lab4/Src/BTB/mem.sv:4594]
WARNING: [VRFC 10-3705] select index 4569 into 'ram_cell' is out of bounds [D:/study/architecture/ustc_ca2021_lab/lab4/Src/BTB/mem.sv:4595]
WARNING: [VRFC 10-3705] select index 4570 into 'ram_cell' is out of bounds [D:/study/architecture/ustc_ca2021_lab/lab4/Src/BTB/mem.sv:4596]
WARNING: [VRFC 10-3705] select index 4571 into 'ram_cell' is out of bounds [D:/study/architecture/ustc_ca2021_lab/lab4/Src/BTB/mem.sv:4597]
WARNING: [VRFC 10-3705] select index 4572 into 'ram_cell' is out of bounds [D:/study/architecture/ustc_ca2021_lab/lab4/Src/BTB/mem.sv:4598]
WARNING: [VRFC 10-3705] select index 4573 into 'ram_cell' is out of bounds [D:/study/architecture/ustc_ca2021_lab/lab4/Src/BTB/mem.sv:4599]
WARNING: [VRFC 10-3705] select index 4574 into 'ram_cell' is out of bounds [D:/study/architecture/ustc_ca2021_lab/lab4/Src/BTB/mem.sv:4600]
WARNING: [VRFC 10-3705] select index 4575 into 'ram_cell' is out of bounds [D:/study/architecture/ustc_ca2021_lab/lab4/Src/BTB/mem.sv:4601]
WARNING: [VRFC 10-3705] select index 4576 into 'ram_cell' is out of bounds [D:/study/architecture/ustc_ca2021_lab/lab4/Src/BTB/mem.sv:4602]
WARNING: [VRFC 10-3705] select index 4577 into 'ram_cell' is out of bounds [D:/study/architecture/ustc_ca2021_lab/lab4/Src/BTB/mem.sv:4603]
WARNING: [VRFC 10-3705] select index 4578 into 'ram_cell' is out of bounds [D:/study/architecture/ustc_ca2021_lab/lab4/Src/BTB/mem.sv:4604]
WARNING: [VRFC 10-3705] select index 4579 into 'ram_cell' is out of bounds [D:/study/architecture/ustc_ca2021_lab/lab4/Src/BTB/mem.sv:4605]
WARNING: [VRFC 10-3705] select index 4580 into 'ram_cell' is out of bounds [D:/study/architecture/ustc_ca2021_lab/lab4/Src/BTB/mem.sv:4606]
WARNING: [VRFC 10-3705] select index 4581 into 'ram_cell' is out of bounds [D:/study/architecture/ustc_ca2021_lab/lab4/Src/BTB/mem.sv:4607]
WARNING: [VRFC 10-3705] select index 4582 into 'ram_cell' is out of bounds [D:/study/architecture/ustc_ca2021_lab/lab4/Src/BTB/mem.sv:4608]
WARNING: [VRFC 10-3705] select index 4583 into 'ram_cell' is out of bounds [D:/study/architecture/ustc_ca2021_lab/lab4/Src/BTB/mem.sv:4609]
WARNING: [VRFC 10-3705] select index 4584 into 'ram_cell' is out of bounds [D:/study/architecture/ustc_ca2021_lab/lab4/Src/BTB/mem.sv:4610]
WARNING: [VRFC 10-3705] select index 4585 into 'ram_cell' is out of bounds [D:/study/architecture/ustc_ca2021_lab/lab4/Src/BTB/mem.sv:4611]
WARNING: [VRFC 10-3705] select index 4586 into 'ram_cell' is out of bounds [D:/study/architecture/ustc_ca2021_lab/lab4/Src/BTB/mem.sv:4612]
WARNING: [VRFC 10-3705] select index 4587 into 'ram_cell' is out of bounds [D:/study/architecture/ustc_ca2021_lab/lab4/Src/BTB/mem.sv:4613]
WARNING: [VRFC 10-3705] select index 4588 into 'ram_cell' is out of bounds [D:/study/architecture/ustc_ca2021_lab/lab4/Src/BTB/mem.sv:4614]
WARNING: [VRFC 10-3705] select index 4589 into 'ram_cell' is out of bounds [D:/study/architecture/ustc_ca2021_lab/lab4/Src/BTB/mem.sv:4615]
WARNING: [VRFC 10-3705] select index 4590 into 'ram_cell' is out of bounds [D:/study/architecture/ustc_ca2021_lab/lab4/Src/BTB/mem.sv:4616]
WARNING: [VRFC 10-3705] select index 4591 into 'ram_cell' is out of bounds [D:/study/architecture/ustc_ca2021_lab/lab4/Src/BTB/mem.sv:4617]
WARNING: [VRFC 10-3705] select index 4592 into 'ram_cell' is out of bounds [D:/study/architecture/ustc_ca2021_lab/lab4/Src/BTB/mem.sv:4618]
WARNING: [VRFC 10-3705] select index 4593 into 'ram_cell' is out of bounds [D:/study/architecture/ustc_ca2021_lab/lab4/Src/BTB/mem.sv:4619]
WARNING: [VRFC 10-3705] select index 4594 into 'ram_cell' is out of bounds [D:/study/architecture/ustc_ca2021_lab/lab4/Src/BTB/mem.sv:4620]
WARNING: [VRFC 10-3705] select index 4595 into 'ram_cell' is out of bounds [D:/study/architecture/ustc_ca2021_lab/lab4/Src/BTB/mem.sv:4621]
WARNING: [VRFC 10-3705] select index 4596 into 'ram_cell' is out of bounds [D:/study/architecture/ustc_ca2021_lab/lab4/Src/BTB/mem.sv:4622]
WARNING: [VRFC 10-3705] select index 4597 into 'ram_cell' is out of bounds [D:/study/architecture/ustc_ca2021_lab/lab4/Src/BTB/mem.sv:4623]
WARNING: [VRFC 10-3705] select index 4598 into 'ram_cell' is out of bounds [D:/study/architecture/ustc_ca2021_lab/lab4/Src/BTB/mem.sv:4624]
WARNING: [VRFC 10-3705] select index 4599 into 'ram_cell' is out of bounds [D:/study/architecture/ustc_ca2021_lab/lab4/Src/BTB/mem.sv:4625]
WARNING: [VRFC 10-3705] select index 4600 into 'ram_cell' is out of bounds [D:/study/architecture/ustc_ca2021_lab/lab4/Src/BTB/mem.sv:4626]
WARNING: [VRFC 10-3705] select index 4601 into 'ram_cell' is out of bounds [D:/study/architecture/ustc_ca2021_lab/lab4/Src/BTB/mem.sv:4627]
WARNING: [VRFC 10-3705] select index 4602 into 'ram_cell' is out of bounds [D:/study/architecture/ustc_ca2021_lab/lab4/Src/BTB/mem.sv:4628]
WARNING: [VRFC 10-3705] select index 4603 into 'ram_cell' is out of bounds [D:/study/architecture/ustc_ca2021_lab/lab4/Src/BTB/mem.sv:4629]
WARNING: [VRFC 10-3705] select index 4604 into 'ram_cell' is out of bounds [D:/study/architecture/ustc_ca2021_lab/lab4/Src/BTB/mem.sv:4630]
WARNING: [VRFC 10-3705] select index 4605 into 'ram_cell' is out of bounds [D:/study/architecture/ustc_ca2021_lab/lab4/Src/BTB/mem.sv:4631]
WARNING: [VRFC 10-3705] select index 4606 into 'ram_cell' is out of bounds [D:/study/architecture/ustc_ca2021_lab/lab4/Src/BTB/mem.sv:4632]
WARNING: [VRFC 10-3705] select index 4607 into 'ram_cell' is out of bounds [D:/study/architecture/ustc_ca2021_lab/lab4/Src/BTB/mem.sv:4633]
WARNING: [VRFC 10-3705] select index 4608 into 'ram_cell' is out of bounds [D:/study/architecture/ustc_ca2021_lab/lab4/Src/BTB/mem.sv:4634]
WARNING: [VRFC 10-3705] select index 4609 into 'ram_cell' is out of bounds [D:/study/architecture/ustc_ca2021_lab/lab4/Src/BTB/mem.sv:4635]
WARNING: [VRFC 10-3705] select index 4610 into 'ram_cell' is out of bounds [D:/study/architecture/ustc_ca2021_lab/lab4/Src/BTB/mem.sv:4636]
WARNING: [VRFC 10-3705] select index 4611 into 'ram_cell' is out of bounds [D:/study/architecture/ustc_ca2021_lab/lab4/Src/BTB/mem.sv:4637]
WARNING: [VRFC 10-3705] select index 4612 into 'ram_cell' is out of bounds [D:/study/architecture/ustc_ca2021_lab/lab4/Src/BTB/mem.sv:4638]
WARNING: [VRFC 10-3705] select index 4613 into 'ram_cell' is out of bounds [D:/study/architecture/ustc_ca2021_lab/lab4/Src/BTB/mem.sv:4639]
WARNING: [VRFC 10-3705] select index 4614 into 'ram_cell' is out of bounds [D:/study/architecture/ustc_ca2021_lab/lab4/Src/BTB/mem.sv:4640]
WARNING: [VRFC 10-3705] select index 4615 into 'ram_cell' is out of bounds [D:/study/architecture/ustc_ca2021_lab/lab4/Src/BTB/mem.sv:4641]
WARNING: [VRFC 10-3705] select index 4616 into 'ram_cell' is out of bounds [D:/study/architecture/ustc_ca2021_lab/lab4/Src/BTB/mem.sv:4642]
WARNING: [VRFC 10-3705] select index 4617 into 'ram_cell' is out of bounds [D:/study/architecture/ustc_ca2021_lab/lab4/Src/BTB/mem.sv:4643]
WARNING: [VRFC 10-3705] select index 4618 into 'ram_cell' is out of bounds [D:/study/architecture/ustc_ca2021_lab/lab4/Src/BTB/mem.sv:4644]
WARNING: [VRFC 10-3705] select index 4619 into 'ram_cell' is out of bounds [D:/study/architecture/ustc_ca2021_lab/lab4/Src/BTB/mem.sv:4645]
WARNING: [VRFC 10-3705] select index 4620 into 'ram_cell' is out of bounds [D:/study/architecture/ustc_ca2021_lab/lab4/Src/BTB/mem.sv:4646]
WARNING: [VRFC 10-3705] select index 4621 into 'ram_cell' is out of bounds [D:/study/architecture/ustc_ca2021_lab/lab4/Src/BTB/mem.sv:4647]
WARNING: [VRFC 10-3705] select index 4622 into 'ram_cell' is out of bounds [D:/study/architecture/ustc_ca2021_lab/lab4/Src/BTB/mem.sv:4648]
WARNING: [VRFC 10-3705] select index 4623 into 'ram_cell' is out of bounds [D:/study/architecture/ustc_ca2021_lab/lab4/Src/BTB/mem.sv:4649]
WARNING: [VRFC 10-3705] select index 4624 into 'ram_cell' is out of bounds [D:/study/architecture/ustc_ca2021_lab/lab4/Src/BTB/mem.sv:4650]
WARNING: [VRFC 10-3705] select index 4625 into 'ram_cell' is out of bounds [D:/study/architecture/ustc_ca2021_lab/lab4/Src/BTB/mem.sv:4651]
WARNING: [VRFC 10-3705] select index 4626 into 'ram_cell' is out of bounds [D:/study/architecture/ustc_ca2021_lab/lab4/Src/BTB/mem.sv:4652]
WARNING: [VRFC 10-3705] select index 4627 into 'ram_cell' is out of bounds [D:/study/architecture/ustc_ca2021_lab/lab4/Src/BTB/mem.sv:4653]
WARNING: [VRFC 10-3705] select index 4628 into 'ram_cell' is out of bounds [D:/study/architecture/ustc_ca2021_lab/lab4/Src/BTB/mem.sv:4654]
WARNING: [VRFC 10-3705] select index 4629 into 'ram_cell' is out of bounds [D:/study/architecture/ustc_ca2021_lab/lab4/Src/BTB/mem.sv:4655]
WARNING: [VRFC 10-3705] select index 4630 into 'ram_cell' is out of bounds [D:/study/architecture/ustc_ca2021_lab/lab4/Src/BTB/mem.sv:4656]
WARNING: [VRFC 10-3705] select index 4631 into 'ram_cell' is out of bounds [D:/study/architecture/ustc_ca2021_lab/lab4/Src/BTB/mem.sv:4657]
WARNING: [VRFC 10-3705] select index 4632 into 'ram_cell' is out of bounds [D:/study/architecture/ustc_ca2021_lab/lab4/Src/BTB/mem.sv:4658]
WARNING: [VRFC 10-3705] select index 4633 into 'ram_cell' is out of bounds [D:/study/architecture/ustc_ca2021_lab/lab4/Src/BTB/mem.sv:4659]
WARNING: [VRFC 10-3705] select index 4634 into 'ram_cell' is out of bounds [D:/study/architecture/ustc_ca2021_lab/lab4/Src/BTB/mem.sv:4660]
WARNING: [VRFC 10-3705] select index 4635 into 'ram_cell' is out of bounds [D:/study/architecture/ustc_ca2021_lab/lab4/Src/BTB/mem.sv:4661]
WARNING: [VRFC 10-3705] select index 4636 into 'ram_cell' is out of bounds [D:/study/architecture/ustc_ca2021_lab/lab4/Src/BTB/mem.sv:4662]
WARNING: [VRFC 10-3705] select index 4637 into 'ram_cell' is out of bounds [D:/study/architecture/ustc_ca2021_lab/lab4/Src/BTB/mem.sv:4663]
WARNING: [VRFC 10-3705] select index 4638 into 'ram_cell' is out of bounds [D:/study/architecture/ustc_ca2021_lab/lab4/Src/BTB/mem.sv:4664]
WARNING: [VRFC 10-3705] select index 4639 into 'ram_cell' is out of bounds [D:/study/architecture/ustc_ca2021_lab/lab4/Src/BTB/mem.sv:4665]
WARNING: [VRFC 10-3705] select index 4640 into 'ram_cell' is out of bounds [D:/study/architecture/ustc_ca2021_lab/lab4/Src/BTB/mem.sv:4666]
WARNING: [VRFC 10-3705] select index 4641 into 'ram_cell' is out of bounds [D:/study/architecture/ustc_ca2021_lab/lab4/Src/BTB/mem.sv:4667]
WARNING: [VRFC 10-3705] select index 4642 into 'ram_cell' is out of bounds [D:/study/architecture/ustc_ca2021_lab/lab4/Src/BTB/mem.sv:4668]
WARNING: [VRFC 10-3705] select index 4643 into 'ram_cell' is out of bounds [D:/study/architecture/ustc_ca2021_lab/lab4/Src/BTB/mem.sv:4669]
WARNING: [VRFC 10-3705] select index 4644 into 'ram_cell' is out of bounds [D:/study/architecture/ustc_ca2021_lab/lab4/Src/BTB/mem.sv:4670]
WARNING: [VRFC 10-3705] select index 4645 into 'ram_cell' is out of bounds [D:/study/architecture/ustc_ca2021_lab/lab4/Src/BTB/mem.sv:4671]
WARNING: [VRFC 10-3705] select index 4646 into 'ram_cell' is out of bounds [D:/study/architecture/ustc_ca2021_lab/lab4/Src/BTB/mem.sv:4672]
WARNING: [VRFC 10-3705] select index 4647 into 'ram_cell' is out of bounds [D:/study/architecture/ustc_ca2021_lab/lab4/Src/BTB/mem.sv:4673]
WARNING: [VRFC 10-3705] select index 4648 into 'ram_cell' is out of bounds [D:/study/architecture/ustc_ca2021_lab/lab4/Src/BTB/mem.sv:4674]
WARNING: [VRFC 10-3705] select index 4649 into 'ram_cell' is out of bounds [D:/study/architecture/ustc_ca2021_lab/lab4/Src/BTB/mem.sv:4675]
WARNING: [VRFC 10-3705] select index 4650 into 'ram_cell' is out of bounds [D:/study/architecture/ustc_ca2021_lab/lab4/Src/BTB/mem.sv:4676]
WARNING: [VRFC 10-3705] select index 4651 into 'ram_cell' is out of bounds [D:/study/architecture/ustc_ca2021_lab/lab4/Src/BTB/mem.sv:4677]
WARNING: [VRFC 10-3705] select index 4652 into 'ram_cell' is out of bounds [D:/study/architecture/ustc_ca2021_lab/lab4/Src/BTB/mem.sv:4678]
WARNING: [VRFC 10-3705] select index 4653 into 'ram_cell' is out of bounds [D:/study/architecture/ustc_ca2021_lab/lab4/Src/BTB/mem.sv:4679]
WARNING: [VRFC 10-3705] select index 4654 into 'ram_cell' is out of bounds [D:/study/architecture/ustc_ca2021_lab/lab4/Src/BTB/mem.sv:4680]
WARNING: [VRFC 10-3705] select index 4655 into 'ram_cell' is out of bounds [D:/study/architecture/ustc_ca2021_lab/lab4/Src/BTB/mem.sv:4681]
WARNING: [VRFC 10-3705] select index 4656 into 'ram_cell' is out of bounds [D:/study/architecture/ustc_ca2021_lab/lab4/Src/BTB/mem.sv:4682]
WARNING: [VRFC 10-3705] select index 4657 into 'ram_cell' is out of bounds [D:/study/architecture/ustc_ca2021_lab/lab4/Src/BTB/mem.sv:4683]
WARNING: [VRFC 10-3705] select index 4658 into 'ram_cell' is out of bounds [D:/study/architecture/ustc_ca2021_lab/lab4/Src/BTB/mem.sv:4684]
WARNING: [VRFC 10-3705] select index 4659 into 'ram_cell' is out of bounds [D:/study/architecture/ustc_ca2021_lab/lab4/Src/BTB/mem.sv:4685]
WARNING: [VRFC 10-3705] select index 4660 into 'ram_cell' is out of bounds [D:/study/architecture/ustc_ca2021_lab/lab4/Src/BTB/mem.sv:4686]
WARNING: [VRFC 10-3705] select index 4661 into 'ram_cell' is out of bounds [D:/study/architecture/ustc_ca2021_lab/lab4/Src/BTB/mem.sv:4687]
WARNING: [VRFC 10-3705] select index 4662 into 'ram_cell' is out of bounds [D:/study/architecture/ustc_ca2021_lab/lab4/Src/BTB/mem.sv:4688]
WARNING: [VRFC 10-3705] select index 4663 into 'ram_cell' is out of bounds [D:/study/architecture/ustc_ca2021_lab/lab4/Src/BTB/mem.sv:4689]
WARNING: [VRFC 10-3705] select index 4664 into 'ram_cell' is out of bounds [D:/study/architecture/ustc_ca2021_lab/lab4/Src/BTB/mem.sv:4690]
WARNING: [VRFC 10-3705] select index 4665 into 'ram_cell' is out of bounds [D:/study/architecture/ustc_ca2021_lab/lab4/Src/BTB/mem.sv:4691]
WARNING: [VRFC 10-3705] select index 4666 into 'ram_cell' is out of bounds [D:/study/architecture/ustc_ca2021_lab/lab4/Src/BTB/mem.sv:4692]
WARNING: [VRFC 10-3705] select index 4667 into 'ram_cell' is out of bounds [D:/study/architecture/ustc_ca2021_lab/lab4/Src/BTB/mem.sv:4693]
WARNING: [VRFC 10-3705] select index 4668 into 'ram_cell' is out of bounds [D:/study/architecture/ustc_ca2021_lab/lab4/Src/BTB/mem.sv:4694]
WARNING: [VRFC 10-3705] select index 4669 into 'ram_cell' is out of bounds [D:/study/architecture/ustc_ca2021_lab/lab4/Src/BTB/mem.sv:4695]
WARNING: [VRFC 10-3705] select index 4670 into 'ram_cell' is out of bounds [D:/study/architecture/ustc_ca2021_lab/lab4/Src/BTB/mem.sv:4696]
WARNING: [VRFC 10-3705] select index 4671 into 'ram_cell' is out of bounds [D:/study/architecture/ustc_ca2021_lab/lab4/Src/BTB/mem.sv:4697]
WARNING: [VRFC 10-3705] select index 4672 into 'ram_cell' is out of bounds [D:/study/architecture/ustc_ca2021_lab/lab4/Src/BTB/mem.sv:4698]
WARNING: [VRFC 10-3705] select index 4673 into 'ram_cell' is out of bounds [D:/study/architecture/ustc_ca2021_lab/lab4/Src/BTB/mem.sv:4699]
WARNING: [VRFC 10-3705] select index 4674 into 'ram_cell' is out of bounds [D:/study/architecture/ustc_ca2021_lab/lab4/Src/BTB/mem.sv:4700]
WARNING: [VRFC 10-3705] select index 4675 into 'ram_cell' is out of bounds [D:/study/architecture/ustc_ca2021_lab/lab4/Src/BTB/mem.sv:4701]
WARNING: [VRFC 10-3705] select index 4676 into 'ram_cell' is out of bounds [D:/study/architecture/ustc_ca2021_lab/lab4/Src/BTB/mem.sv:4702]
WARNING: [VRFC 10-3705] select index 4677 into 'ram_cell' is out of bounds [D:/study/architecture/ustc_ca2021_lab/lab4/Src/BTB/mem.sv:4703]
WARNING: [VRFC 10-3705] select index 4678 into 'ram_cell' is out of bounds [D:/study/architecture/ustc_ca2021_lab/lab4/Src/BTB/mem.sv:4704]
WARNING: [VRFC 10-3705] select index 4679 into 'ram_cell' is out of bounds [D:/study/architecture/ustc_ca2021_lab/lab4/Src/BTB/mem.sv:4705]
WARNING: [VRFC 10-3705] select index 4680 into 'ram_cell' is out of bounds [D:/study/architecture/ustc_ca2021_lab/lab4/Src/BTB/mem.sv:4706]
WARNING: [VRFC 10-3705] select index 4681 into 'ram_cell' is out of bounds [D:/study/architecture/ustc_ca2021_lab/lab4/Src/BTB/mem.sv:4707]
WARNING: [VRFC 10-3705] select index 4682 into 'ram_cell' is out of bounds [D:/study/architecture/ustc_ca2021_lab/lab4/Src/BTB/mem.sv:4708]
WARNING: [VRFC 10-3705] select index 4683 into 'ram_cell' is out of bounds [D:/study/architecture/ustc_ca2021_lab/lab4/Src/BTB/mem.sv:4709]
WARNING: [VRFC 10-3705] select index 4684 into 'ram_cell' is out of bounds [D:/study/architecture/ustc_ca2021_lab/lab4/Src/BTB/mem.sv:4710]
WARNING: [VRFC 10-3705] select index 4685 into 'ram_cell' is out of bounds [D:/study/architecture/ustc_ca2021_lab/lab4/Src/BTB/mem.sv:4711]
WARNING: [VRFC 10-3705] select index 4686 into 'ram_cell' is out of bounds [D:/study/architecture/ustc_ca2021_lab/lab4/Src/BTB/mem.sv:4712]
WARNING: [VRFC 10-3705] select index 4687 into 'ram_cell' is out of bounds [D:/study/architecture/ustc_ca2021_lab/lab4/Src/BTB/mem.sv:4713]
WARNING: [VRFC 10-3705] select index 4688 into 'ram_cell' is out of bounds [D:/study/architecture/ustc_ca2021_lab/lab4/Src/BTB/mem.sv:4714]
WARNING: [VRFC 10-3705] select index 4689 into 'ram_cell' is out of bounds [D:/study/architecture/ustc_ca2021_lab/lab4/Src/BTB/mem.sv:4715]
WARNING: [VRFC 10-3705] select index 4690 into 'ram_cell' is out of bounds [D:/study/architecture/ustc_ca2021_lab/lab4/Src/BTB/mem.sv:4716]
WARNING: [VRFC 10-3705] select index 4691 into 'ram_cell' is out of bounds [D:/study/architecture/ustc_ca2021_lab/lab4/Src/BTB/mem.sv:4717]
WARNING: [VRFC 10-3705] select index 4692 into 'ram_cell' is out of bounds [D:/study/architecture/ustc_ca2021_lab/lab4/Src/BTB/mem.sv:4718]
WARNING: [VRFC 10-3705] select index 4693 into 'ram_cell' is out of bounds [D:/study/architecture/ustc_ca2021_lab/lab4/Src/BTB/mem.sv:4719]
WARNING: [VRFC 10-3705] select index 4694 into 'ram_cell' is out of bounds [D:/study/architecture/ustc_ca2021_lab/lab4/Src/BTB/mem.sv:4720]
WARNING: [VRFC 10-3705] select index 4695 into 'ram_cell' is out of bounds [D:/study/architecture/ustc_ca2021_lab/lab4/Src/BTB/mem.sv:4721]
WARNING: [VRFC 10-3705] select index 4696 into 'ram_cell' is out of bounds [D:/study/architecture/ustc_ca2021_lab/lab4/Src/BTB/mem.sv:4722]
WARNING: [VRFC 10-3705] select index 4697 into 'ram_cell' is out of bounds [D:/study/architecture/ustc_ca2021_lab/lab4/Src/BTB/mem.sv:4723]
WARNING: [VRFC 10-3705] select index 4698 into 'ram_cell' is out of bounds [D:/study/architecture/ustc_ca2021_lab/lab4/Src/BTB/mem.sv:4724]
WARNING: [VRFC 10-3705] select index 4699 into 'ram_cell' is out of bounds [D:/study/architecture/ustc_ca2021_lab/lab4/Src/BTB/mem.sv:4725]
WARNING: [VRFC 10-3705] select index 4700 into 'ram_cell' is out of bounds [D:/study/architecture/ustc_ca2021_lab/lab4/Src/BTB/mem.sv:4726]
WARNING: [VRFC 10-3705] select index 4701 into 'ram_cell' is out of bounds [D:/study/architecture/ustc_ca2021_lab/lab4/Src/BTB/mem.sv:4727]
WARNING: [VRFC 10-3705] select index 4702 into 'ram_cell' is out of bounds [D:/study/architecture/ustc_ca2021_lab/lab4/Src/BTB/mem.sv:4728]
WARNING: [VRFC 10-3705] select index 4703 into 'ram_cell' is out of bounds [D:/study/architecture/ustc_ca2021_lab/lab4/Src/BTB/mem.sv:4729]
WARNING: [VRFC 10-3705] select index 4704 into 'ram_cell' is out of bounds [D:/study/architecture/ustc_ca2021_lab/lab4/Src/BTB/mem.sv:4730]
WARNING: [VRFC 10-3705] select index 4705 into 'ram_cell' is out of bounds [D:/study/architecture/ustc_ca2021_lab/lab4/Src/BTB/mem.sv:4731]
WARNING: [VRFC 10-3705] select index 4706 into 'ram_cell' is out of bounds [D:/study/architecture/ustc_ca2021_lab/lab4/Src/BTB/mem.sv:4732]
WARNING: [VRFC 10-3705] select index 4707 into 'ram_cell' is out of bounds [D:/study/architecture/ustc_ca2021_lab/lab4/Src/BTB/mem.sv:4733]
WARNING: [VRFC 10-3705] select index 4708 into 'ram_cell' is out of bounds [D:/study/architecture/ustc_ca2021_lab/lab4/Src/BTB/mem.sv:4734]
WARNING: [VRFC 10-3705] select index 4709 into 'ram_cell' is out of bounds [D:/study/architecture/ustc_ca2021_lab/lab4/Src/BTB/mem.sv:4735]
WARNING: [VRFC 10-3705] select index 4710 into 'ram_cell' is out of bounds [D:/study/architecture/ustc_ca2021_lab/lab4/Src/BTB/mem.sv:4736]
WARNING: [VRFC 10-3705] select index 4711 into 'ram_cell' is out of bounds [D:/study/architecture/ustc_ca2021_lab/lab4/Src/BTB/mem.sv:4737]
WARNING: [VRFC 10-3705] select index 4712 into 'ram_cell' is out of bounds [D:/study/architecture/ustc_ca2021_lab/lab4/Src/BTB/mem.sv:4738]
WARNING: [VRFC 10-3705] select index 4713 into 'ram_cell' is out of bounds [D:/study/architecture/ustc_ca2021_lab/lab4/Src/BTB/mem.sv:4739]
WARNING: [VRFC 10-3705] select index 4714 into 'ram_cell' is out of bounds [D:/study/architecture/ustc_ca2021_lab/lab4/Src/BTB/mem.sv:4740]
