INFO: [VRFC 10-2263] Analyzing Verilog file "D:/study/architecture/ustc_ca2021_lab/lab2/SourceCode/ALU.v" into library xil_defaultlib
INFO: [VRFC 10-311] analyzing module ALU
INFO: [VRFC 10-2263] Analyzing Verilog file "D:/study/architecture/ustc_ca2021_lab/lab2/SourceCode/BranchDecisionMaking.v" into library xil_defaultlib
INFO: [VRFC 10-311] analyzing module BranchDecisionMaking
INFO: [VRFC 10-2263] Analyzing Verilog file "D:/study/architecture/ustc_ca2021_lab/lab2/SourceCode/CSR.v" into library xil_defaultlib
INFO: [VRFC 10-311] analyzing module CSR_Reg
INFO: [VRFC 10-2263] Analyzing Verilog file "D:/study/architecture/ustc_ca2021_lab/lab2/SourceCode/ControlUnit.v" into library xil_defaultlib
INFO: [VRFC 10-311] analyzing module ControlUnit
INFO: [VRFC 10-2263] Analyzing Verilog file "D:/study/architecture/ustc_ca2021_lab/lab2/SourceCode/DataExt.v" into library xil_defaultlib
INFO: [VRFC 10-311] analyzing module DataExt
INFO: [VRFC 10-2263] Analyzing Verilog file "D:/study/architecture/ustc_ca2021_lab/lab2/SourceCode/BRAMModule/DataRam.v" into library xil_defaultlib
INFO: [VRFC 10-311] analyzing module DataRam
INFO: [VRFC 10-2263] Analyzing Verilog file "D:/study/architecture/ustc_ca2021_lab/lab2/SourceCode/EXSegReg.v" into library xil_defaultlib
INFO: [VRFC 10-311] analyzing module EXSegReg
INFO: [VRFC 10-2263] Analyzing Verilog file "D:/study/architecture/ustc_ca2021_lab/lab2/SourceCode/HarzardUnit.v" into library xil_defaultlib
INFO: [VRFC 10-311] analyzing module HarzardUnit
INFO: [VRFC 10-2263] Analyzing Verilog file "D:/study/architecture/ustc_ca2021_lab/lab2/SourceCode/IDSegReg.v" into library xil_defaultlib
INFO: [VRFC 10-311] analyzing module IDSegReg
INFO: [VRFC 10-2263] Analyzing Verilog file "D:/study/architecture/ustc_ca2021_lab/lab2/SourceCode/IFSegReg.v" into library xil_defaultlib
INFO: [VRFC 10-311] analyzing module IFSegReg
INFO: [VRFC 10-2263] Analyzing Verilog file "D:/study/architecture/ustc_ca2021_lab/lab2/SourceCode/ImmOperandUnit.v" into library xil_defaultlib
INFO: [VRFC 10-311] analyzing module ImmOperandUnit
INFO: [VRFC 10-2263] Analyzing Verilog file "D:/study/architecture/ustc_ca2021_lab/lab2/SourceCode/BRAMModule/InstructionRam.v" into library xil_defaultlib
INFO: [VRFC 10-311] analyzing module InstructionRam
INFO: [VRFC 10-2263] Analyzing Verilog file "D:/study/architecture/ustc_ca2021_lab/lab2/SourceCode/MEMSegReg.v" into library xil_defaultlib
INFO: [VRFC 10-311] analyzing module MEMSegReg
INFO: [VRFC 10-2263] Analyzing Verilog file "D:/study/architecture/ustc_ca2021_lab/lab2/SourceCode/NPC_Generator.v" into library xil_defaultlib
INFO: [VRFC 10-311] analyzing module NPC_Generator
INFO: [VRFC 10-2263] Analyzing Verilog file "D:/study/architecture/ustc_ca2021_lab/lab2/SourceCode/RV32Core.v" into library xil_defaultlib
INFO: [VRFC 10-311] analyzing module RV32Core
INFO: [VRFC 10-2263] Analyzing Verilog file "D:/study/architecture/ustc_ca2021_lab/lab2/SourceCode/RegisterFile.v" into library xil_defaultlib
INFO: [VRFC 10-311] analyzing module RegisterFile
INFO: [VRFC 10-2263] Analyzing Verilog file "D:/study/architecture/ustc_ca2021_lab/lab2/SourceCode/WBSegReg.v" into library xil_defaultlib
INFO: [VRFC 10-311] analyzing module WBSegReg
INFO: [VRFC 10-2263] Analyzing Verilog file "D:/study/architecture/ustc_ca2021_lab/lab2/Simulation/testBench.v" into library xil_defaultlib
INFO: [VRFC 10-311] analyzing module testBench
